2025-05-05 14:16:49,444 [INFO] main: Starting real-time tracking application
2025-05-05 14:16:49,444 [INFO] camera: Initializing camera
2025-05-05 14:16:49,626 [INFO] detector: Initializing YOLO detector with model: /home/muhammad/Internship Projects/Deep Learning/Computer Vision/Real-Time Object Detection & Tracking/weights/yolov8n.pt
2025-05-05 14:16:49,861 [INFO] tracker: Initializing DeepSort tracker
2025-05-05 14:16:51,893 [INFO] deep_sort_realtime.embedder.embedder_pytorch: MobileNetV2 Embedder for Deep Sort initialised
2025-05-05 14:16:51,893 [INFO] deep_sort_realtime.embedder.embedder_pytorch: - gpu enabled: False
2025-05-05 14:16:51,893 [INFO] deep_sort_realtime.embedder.embedder_pytorch: - half precision: False
2025-05-05 14:16:51,893 [INFO] deep_sort_realtime.embedder.embedder_pytorch: - max batch size: 16
2025-05-05 14:16:51,893 [INFO] deep_sort_realtime.embedder.embedder_pytorch: - expects BGR: True
2025-05-05 14:16:51,989 [INFO] deep_sort_realtime.deepsort_tracker: DeepSort Tracker initialised
2025-05-05 14:16:51,989 [INFO] deep_sort_realtime.deepsort_tracker: - max age: 30
2025-05-05 14:16:51,989 [INFO] deep_sort_realtime.deepsort_tracker: - appearance threshold: 0.2
2025-05-05 14:16:51,990 [INFO] deep_sort_realtime.deepsort_tracker: - nms threshold: OFF
2025-05-05 14:16:51,990 [INFO] deep_sort_realtime.deepsort_tracker: - max num of appearance features: None
2025-05-05 14:16:51,990 [INFO] deep_sort_realtime.deepsort_tracker: - overriding track class : No
2025-05-05 14:16:51,990 [INFO] deep_sort_realtime.deepsort_tracker: - today given : No
2025-05-05 14:16:51,990 [INFO] deep_sort_realtime.deepsort_tracker: - in-build embedder : Yes
2025-05-05 14:16:51,990 [INFO] deep_sort_realtime.deepsort_tracker: - polygon detections : No
2025-05-05 14:16:51,990 [INFO] logger: Initializing CSV logger with log file: /home/muhammad/Internship Projects/Deep Learning/Computer Vision/Real-Time Object Detection & Tracking/database/entries.csv
2025-05-05 14:16:51,990 [INFO] logger: Using existing CSV log file: /home/muhammad/Internship Projects/Deep Learning/Computer Vision/Real-Time Object Detection & Tracking/database/entries.csv
2025-05-05 14:16:52,310 [DEBUG] camera: Frame captured successfully
2025-05-05 14:16:52,310 [DEBUG] detector: Running YOLO detection
2025-05-05 14:16:52,580 [DEBUG] detector: Detected 1 objects
2025-05-05 14:16:52,580 [DEBUG] tracker: Updating tracker with 1 detections
2025-05-05 14:16:52,648 [DEBUG] tracker: Tracker returned 1 tracks
2025-05-05 14:16:52,648 [DEBUG] utils: Drawing 1 tracks on frame
2025-05-05 14:16:52,648 [DEBUG] utils: Skipping unconfirmed track ID 1
2025-05-05 14:16:52,817 [DEBUG] camera: Frame captured successfully
2025-05-05 14:16:52,817 [DEBUG] detector: Running YOLO detection
2025-05-05 14:16:53,069 [DEBUG] detector: Detected 1 objects
2025-05-05 14:16:53,069 [DEBUG] tracker: Updating tracker with 1 detections
2025-05-05 14:16:53,125 [DEBUG] tracker: Tracker returned 1 tracks
2025-05-05 14:16:53,125 [DEBUG] utils: Drawing 1 tracks on frame
2025-05-05 14:16:53,125 [DEBUG] utils: Skipping unconfirmed track ID 1
2025-05-05 14:16:53,136 [DEBUG] camera: Frame captured successfully
2025-05-05 14:16:53,136 [DEBUG] detector: Running YOLO detection
2025-05-05 14:16:53,299 [DEBUG] detector: Detected 1 objects
2025-05-05 14:16:53,300 [DEBUG] tracker: Updating tracker with 1 detections
2025-05-05 14:16:53,353 [DEBUG] tracker: Tracker returned 1 tracks
2025-05-05 14:16:53,354 [DEBUG] utils: Drawing 1 tracks on frame
2025-05-05 14:16:53,354 [DEBUG] utils: Drew box for track ID 1
2025-05-05 14:16:53,354 [INFO] logger: Logged track ID 1 at 2025-05-05 14:16:53
2025-05-05 14:16:53,359 [DEBUG] camera: Frame captured successfully
2025-05-05 14:16:53,360 [DEBUG] detector: Running YOLO detection
2025-05-05 14:16:53,502 [DEBUG] detector: Detected 1 objects
2025-05-05 14:16:53,503 [DEBUG] tracker: Updating tracker with 1 detections
2025-05-05 14:16:53,570 [DEBUG] tracker: Tracker returned 1 tracks
2025-05-05 14:16:53,570 [DEBUG] utils: Drawing 1 tracks on frame
2025-05-05 14:16:53,570 [DEBUG] utils: Drew box for track ID 1
2025-05-05 14:16:53,575 [DEBUG] camera: Frame captured successfully
2025-05-05 14:16:53,575 [DEBUG] detector: Running YOLO detection
2025-05-05 14:16:53,735 [DEBUG] detector: Detected 1 objects
2025-05-05 14:16:53,736 [DEBUG] tracker: Updating tracker with 1 detections
2025-05-05 14:16:53,793 [DEBUG] tracker: Tracker returned 1 tracks
2025-05-05 14:16:53,793 [DEBUG] utils: Drawing 1 tracks on frame
2025-05-05 14:16:53,793 [DEBUG] utils: Drew box for track ID 1
2025-05-05 14:16:53,798 [DEBUG] camera: Frame captured successfully
2025-05-05 14:16:53,798 [DEBUG] detector: Running YOLO detection
2025-05-05 14:16:53,946 [DEBUG] detector: Detected 1 objects
2025-05-05 14:16:53,946 [DEBUG] tracker: Updating tracker with 1 detections
2025-05-05 14:16:54,001 [DEBUG] tracker: Tracker returned 1 tracks
2025-05-05 14:16:54,001 [DEBUG] utils: Drawing 1 tracks on frame
2025-05-05 14:16:54,001 [DEBUG] utils: Drew box for track ID 1
2025-05-05 14:16:54,006 [DEBUG] camera: Frame captured successfully
2025-05-05 14:16:54,006 [DEBUG] detector: Running YOLO detection
2025-05-05 14:16:54,134 [DEBUG] detector: Detected 1 objects
2025-05-05 14:16:54,134 [DEBUG] tracker: Updating tracker with 1 detections
2025-05-05 14:16:54,206 [DEBUG] tracker: Tracker returned 1 tracks
2025-05-05 14:16:54,206 [DEBUG] utils: Drawing 1 tracks on frame
2025-05-05 14:16:54,206 [DEBUG] utils: Drew box for track ID 1
2025-05-05 14:16:54,215 [DEBUG] camera: Frame captured successfully
2025-05-05 14:16:54,217 [DEBUG] detector: Running YOLO detection
2025-05-05 14:16:54,355 [DEBUG] detector: Detected 1 objects
2025-05-05 14:16:54,355 [DEBUG] tracker: Updating tracker with 1 detections
2025-05-05 14:16:54,409 [DEBUG] tracker: Tracker returned 1 tracks
2025-05-05 14:16:54,409 [DEBUG] utils: Drawing 1 tracks on frame
2025-05-05 14:16:54,409 [DEBUG] utils: Drew box for track ID 1
2025-05-05 14:16:54,416 [DEBUG] camera: Frame captured successfully
2025-05-05 14:16:54,417 [DEBUG] detector: Running YOLO detection
2025-05-05 14:16:54,600 [DEBUG] detector: Detected 1 objects
2025-05-05 14:16:54,601 [DEBUG] tracker: Updating tracker with 1 detections
2025-05-05 14:16:54,658 [DEBUG] tracker: Tracker returned 1 tracks
2025-05-05 14:16:54,658 [DEBUG] utils: Drawing 1 tracks on frame
2025-05-05 14:16:54,659 [DEBUG] utils: Drew box for track ID 1
2025-05-05 14:16:54,664 [DEBUG] camera: Frame captured successfully
2025-05-05 14:16:54,665 [DEBUG] detector: Running YOLO detection
2025-05-05 14:16:54,821 [DEBUG] detector: Detected 1 objects
2025-05-05 14:16:54,822 [DEBUG] tracker: Updating tracker with 1 detections
2025-05-05 14:16:54,879 [DEBUG] tracker: Tracker returned 1 tracks
2025-05-05 14:16:54,879 [DEBUG] utils: Drawing 1 tracks on frame
2025-05-05 14:16:54,879 [DEBUG] utils: Drew box for track ID 1
2025-05-05 14:16:54,884 [DEBUG] camera: Frame captured successfully
2025-05-05 14:16:54,884 [DEBUG] detector: Running YOLO detection
2025-05-05 14:16:55,062 [DEBUG] detector: Detected 1 objects
2025-05-05 14:16:55,062 [DEBUG] tracker: Updating tracker with 1 detections
2025-05-05 14:16:55,118 [DEBUG] tracker: Tracker returned 1 tracks
2025-05-05 14:16:55,118 [DEBUG] utils: Drawing 1 tracks on frame
2025-05-05 14:16:55,118 [DEBUG] utils: Drew box for track ID 1
2025-05-05 14:16:55,123 [DEBUG] camera: Frame captured successfully
2025-05-05 14:16:55,123 [DEBUG] detector: Running YOLO detection
2025-05-05 14:16:55,275 [DEBUG] detector: Detected 1 objects
2025-05-05 14:16:55,275 [DEBUG] tracker: Updating tracker with 1 detections
2025-05-05 14:16:55,328 [DEBUG] tracker: Tracker returned 1 tracks
2025-05-05 14:16:55,328 [DEBUG] utils: Drawing 1 tracks on frame
2025-05-05 14:16:55,329 [DEBUG] utils: Drew box for track ID 1
2025-05-05 14:16:55,333 [DEBUG] camera: Frame captured successfully
2025-05-05 14:16:55,334 [DEBUG] detector: Running YOLO detection
2025-05-05 14:16:55,498 [DEBUG] detector: Detected 1 objects
2025-05-05 14:16:55,498 [DEBUG] tracker: Updating tracker with 1 detections
2025-05-05 14:16:55,554 [DEBUG] tracker: Tracker returned 1 tracks
2025-05-05 14:16:55,554 [DEBUG] utils: Drawing 1 tracks on frame
2025-05-05 14:16:55,554 [DEBUG] utils: Drew box for track ID 1
2025-05-05 14:16:55,559 [DEBUG] camera: Frame captured successfully
2025-05-05 14:16:55,560 [DEBUG] detector: Running YOLO detection
2025-05-05 14:16:55,739 [DEBUG] detector: Detected 1 objects
2025-05-05 14:16:55,739 [DEBUG] tracker: Updating tracker with 1 detections
2025-05-05 14:16:55,796 [DEBUG] tracker: Tracker returned 1 tracks
2025-05-05 14:16:55,797 [DEBUG] utils: Drawing 1 tracks on frame
2025-05-05 14:16:55,797 [DEBUG] utils: Drew box for track ID 1
2025-05-05 14:16:55,802 [DEBUG] camera: Frame captured successfully
2025-05-05 14:16:55,802 [DEBUG] detector: Running YOLO detection
2025-05-05 14:16:55,953 [DEBUG] detector: Detected 1 objects
2025-05-05 14:16:55,953 [DEBUG] tracker: Updating tracker with 1 detections
2025-05-05 14:16:56,020 [DEBUG] tracker: Tracker returned 1 tracks
2025-05-05 14:16:56,020 [DEBUG] utils: Drawing 1 tracks on frame
2025-05-05 14:16:56,020 [DEBUG] utils: Drew box for track ID 1
2025-05-05 14:16:56,027 [DEBUG] camera: Frame captured successfully
2025-05-05 14:16:56,027 [DEBUG] detector: Running YOLO detection
2025-05-05 14:16:56,164 [DEBUG] detector: Detected 1 objects
2025-05-05 14:16:56,164 [DEBUG] tracker: Updating tracker with 1 detections
2025-05-05 14:16:56,238 [DEBUG] tracker: Tracker returned 1 tracks
2025-05-05 14:16:56,238 [DEBUG] utils: Drawing 1 tracks on frame
2025-05-05 14:16:56,238 [DEBUG] utils: Drew box for track ID 1
2025-05-05 14:16:56,243 [DEBUG] camera: Frame captured successfully
2025-05-05 14:16:56,243 [DEBUG] detector: Running YOLO detection
2025-05-05 14:16:56,373 [DEBUG] detector: Detected 1 objects
2025-05-05 14:16:56,374 [DEBUG] tracker: Updating tracker with 1 detections
2025-05-05 14:16:56,428 [DEBUG] tracker: Tracker returned 1 tracks
2025-05-05 14:16:56,429 [DEBUG] utils: Drawing 1 tracks on frame
2025-05-05 14:16:56,429 [DEBUG] utils: Drew box for track ID 1
2025-05-05 14:16:56,438 [DEBUG] camera: Frame captured successfully
2025-05-05 14:16:56,439 [DEBUG] detector: Running YOLO detection
2025-05-05 14:16:56,584 [DEBUG] detector: Detected 1 objects
2025-05-05 14:16:56,584 [DEBUG] tracker: Updating tracker with 1 detections
2025-05-05 14:16:56,643 [DEBUG] tracker: Tracker returned 1 tracks
2025-05-05 14:16:56,643 [DEBUG] utils: Drawing 1 tracks on frame
2025-05-05 14:16:56,643 [DEBUG] utils: Drew box for track ID 1
2025-05-05 14:16:56,648 [DEBUG] camera: Frame captured successfully
2025-05-05 14:16:56,648 [DEBUG] detector: Running YOLO detection
2025-05-05 14:16:56,819 [DEBUG] detector: Detected 1 objects
2025-05-05 14:16:56,819 [DEBUG] tracker: Updating tracker with 1 detections
2025-05-05 14:16:56,876 [DEBUG] tracker: Tracker returned 1 tracks
2025-05-05 14:16:56,876 [DEBUG] utils: Drawing 1 tracks on frame
2025-05-05 14:16:56,876 [DEBUG] utils: Drew box for track ID 1
2025-05-05 14:16:56,880 [DEBUG] camera: Frame captured successfully
2025-05-05 14:16:56,881 [DEBUG] detector: Running YOLO detection
2025-05-05 14:16:57,025 [DEBUG] detector: Detected 1 objects
2025-05-05 14:16:57,025 [DEBUG] tracker: Updating tracker with 1 detections
2025-05-05 14:16:57,080 [DEBUG] tracker: Tracker returned 1 tracks
2025-05-05 14:16:57,081 [DEBUG] utils: Drawing 1 tracks on frame
2025-05-05 14:16:57,081 [DEBUG] utils: Drew box for track ID 1
2025-05-05 14:16:57,086 [DEBUG] camera: Frame captured successfully
2025-05-05 14:16:57,086 [DEBUG] detector: Running YOLO detection
2025-05-05 14:16:57,264 [DEBUG] detector: Detected 1 objects
2025-05-05 14:16:57,264 [DEBUG] tracker: Updating tracker with 1 detections
2025-05-05 14:16:57,318 [DEBUG] tracker: Tracker returned 1 tracks
2025-05-05 14:16:57,319 [DEBUG] utils: Drawing 1 tracks on frame
2025-05-05 14:16:57,319 [DEBUG] utils: Drew box for track ID 1
2025-05-05 14:16:57,324 [DEBUG] camera: Frame captured successfully
2025-05-05 14:16:57,324 [DEBUG] detector: Running YOLO detection
2025-05-05 14:16:57,479 [DEBUG] detector: Detected 1 objects
2025-05-05 14:16:57,479 [DEBUG] tracker: Updating tracker with 1 detections
2025-05-05 14:16:57,530 [DEBUG] tracker: Tracker returned 1 tracks
2025-05-05 14:16:57,530 [DEBUG] utils: Drawing 1 tracks on frame
2025-05-05 14:16:57,530 [DEBUG] utils: Drew box for track ID 1
2025-05-05 14:16:57,535 [DEBUG] camera: Frame captured successfully
2025-05-05 14:16:57,535 [DEBUG] detector: Running YOLO detection
2025-05-05 14:16:57,668 [DEBUG] detector: Detected 1 objects
2025-05-05 14:16:57,668 [DEBUG] tracker: Updating tracker with 1 detections
2025-05-05 14:16:57,763 [DEBUG] tracker: Tracker returned 1 tracks
2025-05-05 14:16:57,763 [DEBUG] utils: Drawing 1 tracks on frame
2025-05-05 14:16:57,764 [DEBUG] utils: Drew box for track ID 1
2025-05-05 14:16:57,768 [DEBUG] camera: Frame captured successfully
2025-05-05 14:16:57,769 [DEBUG] detector: Running YOLO detection
2025-05-05 14:16:57,907 [DEBUG] detector: Detected 1 objects
2025-05-05 14:16:57,907 [DEBUG] tracker: Updating tracker with 1 detections
2025-05-05 14:16:57,972 [DEBUG] tracker: Tracker returned 1 tracks
2025-05-05 14:16:57,972 [DEBUG] utils: Drawing 1 tracks on frame
2025-05-05 14:16:57,972 [DEBUG] utils: Drew box for track ID 1
2025-05-05 14:16:57,977 [DEBUG] camera: Frame captured successfully
2025-05-05 14:16:57,978 [DEBUG] detector: Running YOLO detection
2025-05-05 14:16:58,109 [DEBUG] detector: Detected 1 objects
2025-05-05 14:16:58,109 [DEBUG] tracker: Updating tracker with 1 detections
2025-05-05 14:16:58,161 [DEBUG] tracker: Tracker returned 1 tracks
2025-05-05 14:16:58,161 [DEBUG] utils: Drawing 1 tracks on frame
2025-05-05 14:16:58,162 [DEBUG] utils: Drew box for track ID 1
2025-05-05 14:16:58,167 [DEBUG] camera: Frame captured successfully
2025-05-05 14:16:58,167 [DEBUG] detector: Running YOLO detection
2025-05-05 14:16:58,343 [DEBUG] detector: Detected 1 objects
2025-05-05 14:16:58,343 [DEBUG] tracker: Updating tracker with 1 detections
2025-05-05 14:16:58,428 [DEBUG] tracker: Tracker returned 1 tracks
2025-05-05 14:16:58,428 [DEBUG] utils: Drawing 1 tracks on frame
2025-05-05 14:16:58,428 [DEBUG] utils: Drew box for track ID 1
2025-05-05 14:16:58,436 [DEBUG] camera: Frame captured successfully
2025-05-05 14:16:58,436 [DEBUG] detector: Running YOLO detection
2025-05-05 14:16:58,614 [DEBUG] detector: Detected 1 objects
2025-05-05 14:16:58,615 [DEBUG] tracker: Updating tracker with 1 detections
2025-05-05 14:16:58,677 [DEBUG] tracker: Tracker returned 1 tracks
2025-05-05 14:16:58,677 [DEBUG] utils: Drawing 1 tracks on frame
2025-05-05 14:16:58,677 [DEBUG] utils: Drew box for track ID 1
2025-05-05 14:16:58,682 [DEBUG] camera: Frame captured successfully
2025-05-05 14:16:58,684 [DEBUG] detector: Running YOLO detection
2025-05-05 14:16:58,850 [DEBUG] detector: Detected 1 objects
2025-05-05 14:16:58,851 [DEBUG] tracker: Updating tracker with 1 detections
2025-05-05 14:16:58,904 [DEBUG] tracker: Tracker returned 1 tracks
2025-05-05 14:16:58,904 [DEBUG] utils: Drawing 1 tracks on frame
2025-05-05 14:16:58,905 [DEBUG] utils: Drew box for track ID 1
2025-05-05 14:16:58,910 [DEBUG] camera: Frame captured successfully
2025-05-05 14:16:58,910 [DEBUG] detector: Running YOLO detection
2025-05-05 14:16:59,116 [DEBUG] detector: Detected 1 objects
2025-05-05 14:16:59,117 [DEBUG] tracker: Updating tracker with 1 detections
2025-05-05 14:16:59,198 [DEBUG] tracker: Tracker returned 1 tracks
2025-05-05 14:16:59,198 [DEBUG] utils: Drawing 1 tracks on frame
2025-05-05 14:16:59,199 [DEBUG] utils: Drew box for track ID 1
2025-05-05 14:16:59,215 [DEBUG] camera: Frame captured successfully
2025-05-05 14:16:59,216 [DEBUG] detector: Running YOLO detection
2025-05-05 14:16:59,391 [DEBUG] detector: Detected 1 objects
2025-05-05 14:16:59,391 [DEBUG] tracker: Updating tracker with 1 detections
2025-05-05 14:16:59,484 [DEBUG] tracker: Tracker returned 1 tracks
2025-05-05 14:16:59,484 [DEBUG] utils: Drawing 1 tracks on frame
2025-05-05 14:16:59,485 [DEBUG] utils: Drew box for track ID 1
2025-05-05 14:16:59,490 [DEBUG] camera: Frame captured successfully
2025-05-05 14:16:59,490 [DEBUG] detector: Running YOLO detection
2025-05-05 14:16:59,797 [DEBUG] detector: Detected 1 objects
2025-05-05 14:16:59,798 [DEBUG] tracker: Updating tracker with 1 detections
2025-05-05 14:16:59,871 [DEBUG] tracker: Tracker returned 1 tracks
2025-05-05 14:16:59,871 [DEBUG] utils: Drawing 1 tracks on frame
2025-05-05 14:16:59,871 [DEBUG] utils: Drew box for track ID 1
2025-05-05 14:16:59,875 [DEBUG] camera: Frame captured successfully
2025-05-05 14:16:59,876 [DEBUG] detector: Running YOLO detection
2025-05-05 14:17:00,095 [DEBUG] detector: Detected 1 objects
2025-05-05 14:17:00,095 [DEBUG] tracker: Updating tracker with 1 detections
2025-05-05 14:17:00,164 [DEBUG] tracker: Tracker returned 1 tracks
2025-05-05 14:17:00,165 [DEBUG] utils: Drawing 1 tracks on frame
2025-05-05 14:17:00,166 [DEBUG] utils: Drew box for track ID 1
2025-05-05 14:17:00,171 [DEBUG] camera: Frame captured successfully
2025-05-05 14:17:00,172 [DEBUG] detector: Running YOLO detection
2025-05-05 14:17:00,379 [DEBUG] detector: Detected 1 objects
2025-05-05 14:17:00,379 [DEBUG] tracker: Updating tracker with 1 detections
2025-05-05 14:17:00,477 [DEBUG] tracker: Tracker returned 1 tracks
2025-05-05 14:17:00,477 [DEBUG] utils: Drawing 1 tracks on frame
2025-05-05 14:17:00,478 [DEBUG] utils: Drew box for track ID 1
2025-05-05 14:17:00,491 [DEBUG] camera: Frame captured successfully
2025-05-05 14:17:00,491 [DEBUG] detector: Running YOLO detection
2025-05-05 14:17:00,638 [DEBUG] detector: Detected 1 objects
2025-05-05 14:17:00,639 [DEBUG] tracker: Updating tracker with 1 detections
2025-05-05 14:17:00,702 [DEBUG] tracker: Tracker returned 1 tracks
2025-05-05 14:17:00,703 [DEBUG] utils: Drawing 1 tracks on frame
2025-05-05 14:17:00,703 [DEBUG] utils: Drew box for track ID 1
2025-05-05 14:17:00,710 [DEBUG] camera: Frame captured successfully
2025-05-05 14:17:00,710 [DEBUG] detector: Running YOLO detection
2025-05-05 14:17:00,857 [DEBUG] detector: Detected 1 objects
2025-05-05 14:17:00,857 [DEBUG] tracker: Updating tracker with 1 detections
2025-05-05 14:17:00,921 [DEBUG] tracker: Tracker returned 1 tracks
2025-05-05 14:17:00,921 [DEBUG] utils: Drawing 1 tracks on frame
2025-05-05 14:17:00,921 [DEBUG] utils: Drew box for track ID 1
2025-05-05 14:17:00,926 [DEBUG] camera: Frame captured successfully
2025-05-05 14:17:00,926 [DEBUG] detector: Running YOLO detection
2025-05-05 14:17:01,124 [DEBUG] detector: Detected 1 objects
2025-05-05 14:17:01,125 [DEBUG] tracker: Updating tracker with 1 detections
2025-05-05 14:17:01,261 [DEBUG] tracker: Tracker returned 1 tracks
2025-05-05 14:17:01,261 [DEBUG] utils: Drawing 1 tracks on frame
2025-05-05 14:17:01,262 [DEBUG] utils: Drew box for track ID 1
2025-05-05 14:17:01,265 [DEBUG] camera: Frame captured successfully
2025-05-05 14:17:01,266 [DEBUG] detector: Running YOLO detection
2025-05-05 14:17:01,400 [DEBUG] detector: Detected 1 objects
2025-05-05 14:17:01,401 [DEBUG] tracker: Updating tracker with 1 detections
2025-05-05 14:17:01,491 [DEBUG] tracker: Tracker returned 1 tracks
2025-05-05 14:17:01,491 [DEBUG] utils: Drawing 1 tracks on frame
2025-05-05 14:17:01,491 [DEBUG] utils: Drew box for track ID 1
2025-05-05 14:17:01,495 [DEBUG] camera: Frame captured successfully
2025-05-05 14:17:01,495 [DEBUG] detector: Running YOLO detection
2025-05-05 14:17:01,655 [DEBUG] detector: Detected 1 objects
2025-05-05 14:17:01,655 [DEBUG] tracker: Updating tracker with 1 detections
2025-05-05 14:17:01,777 [DEBUG] tracker: Tracker returned 1 tracks
2025-05-05 14:17:01,777 [DEBUG] utils: Drawing 1 tracks on frame
2025-05-05 14:17:01,777 [DEBUG] utils: Drew box for track ID 1
2025-05-05 14:17:01,781 [DEBUG] camera: Frame captured successfully
2025-05-05 14:17:01,781 [DEBUG] detector: Running YOLO detection
2025-05-05 14:17:02,021 [DEBUG] detector: Detected 1 objects
2025-05-05 14:17:02,021 [DEBUG] tracker: Updating tracker with 1 detections
2025-05-05 14:17:02,068 [DEBUG] tracker: Tracker returned 1 tracks
2025-05-05 14:17:02,068 [DEBUG] utils: Drawing 1 tracks on frame
2025-05-05 14:17:02,068 [DEBUG] utils: Drew box for track ID 1
2025-05-05 14:17:02,072 [DEBUG] camera: Frame captured successfully
2025-05-05 14:17:02,072 [DEBUG] detector: Running YOLO detection
2025-05-05 14:17:02,240 [DEBUG] detector: Detected 1 objects
2025-05-05 14:17:02,240 [DEBUG] tracker: Updating tracker with 1 detections
2025-05-05 14:17:02,307 [DEBUG] tracker: Tracker returned 1 tracks
2025-05-05 14:17:02,307 [DEBUG] utils: Drawing 1 tracks on frame
2025-05-05 14:17:02,307 [DEBUG] utils: Drew box for track ID 1
2025-05-05 14:17:02,311 [DEBUG] camera: Frame captured successfully
2025-05-05 14:17:02,311 [DEBUG] detector: Running YOLO detection
2025-05-05 14:17:02,441 [DEBUG] detector: Detected 1 objects
2025-05-05 14:17:02,442 [DEBUG] tracker: Updating tracker with 1 detections
2025-05-05 14:17:02,537 [DEBUG] tracker: Tracker returned 1 tracks
2025-05-05 14:17:02,538 [DEBUG] utils: Drawing 1 tracks on frame
2025-05-05 14:17:02,538 [DEBUG] utils: Drew box for track ID 1
2025-05-05 14:17:02,542 [DEBUG] camera: Frame captured successfully
2025-05-05 14:17:02,542 [DEBUG] detector: Running YOLO detection
2025-05-05 14:17:02,759 [DEBUG] detector: Detected 1 objects
2025-05-05 14:17:02,759 [DEBUG] tracker: Updating tracker with 1 detections
2025-05-05 14:17:02,812 [DEBUG] tracker: Tracker returned 1 tracks
2025-05-05 14:17:02,813 [DEBUG] utils: Drawing 1 tracks on frame
2025-05-05 14:17:02,813 [DEBUG] utils: Drew box for track ID 1
2025-05-05 14:17:02,817 [DEBUG] camera: Frame captured successfully
2025-05-05 14:17:02,817 [DEBUG] detector: Running YOLO detection
2025-05-05 14:17:02,955 [DEBUG] detector: Detected 1 objects
2025-05-05 14:17:02,956 [DEBUG] tracker: Updating tracker with 1 detections
2025-05-05 14:17:03,022 [DEBUG] tracker: Tracker returned 1 tracks
2025-05-05 14:17:03,022 [DEBUG] utils: Drawing 1 tracks on frame
2025-05-05 14:17:03,023 [DEBUG] utils: Drew box for track ID 1
2025-05-05 14:17:03,027 [DEBUG] camera: Frame captured successfully
2025-05-05 14:17:03,028 [DEBUG] detector: Running YOLO detection
2025-05-05 14:17:03,161 [DEBUG] detector: Detected 1 objects
2025-05-05 14:17:03,162 [DEBUG] tracker: Updating tracker with 1 detections
2025-05-05 14:17:03,219 [DEBUG] tracker: Tracker returned 1 tracks
2025-05-05 14:17:03,219 [DEBUG] utils: Drawing 1 tracks on frame
2025-05-05 14:17:03,220 [DEBUG] utils: Drew box for track ID 1
2025-05-05 14:17:03,228 [DEBUG] camera: Frame captured successfully
2025-05-05 14:17:03,229 [DEBUG] detector: Running YOLO detection
2025-05-05 14:17:03,360 [DEBUG] detector: Detected 1 objects
2025-05-05 14:17:03,360 [DEBUG] tracker: Updating tracker with 1 detections
2025-05-05 14:17:03,405 [DEBUG] tracker: Tracker returned 1 tracks
2025-05-05 14:17:03,405 [DEBUG] utils: Drawing 1 tracks on frame
2025-05-05 14:17:03,406 [DEBUG] utils: Drew box for track ID 1
2025-05-05 14:17:03,409 [DEBUG] camera: Frame captured successfully
2025-05-05 14:17:03,410 [DEBUG] detector: Running YOLO detection
2025-05-05 14:17:03,554 [DEBUG] detector: Detected 1 objects
2025-05-05 14:17:03,554 [DEBUG] tracker: Updating tracker with 1 detections
2025-05-05 14:17:03,601 [DEBUG] tracker: Tracker returned 1 tracks
2025-05-05 14:17:03,601 [DEBUG] utils: Drawing 1 tracks on frame
2025-05-05 14:17:03,602 [DEBUG] utils: Drew box for track ID 1
2025-05-05 14:17:03,605 [DEBUG] camera: Frame captured successfully
2025-05-05 14:17:03,606 [DEBUG] detector: Running YOLO detection
2025-05-05 14:17:03,764 [DEBUG] detector: Detected 1 objects
2025-05-05 14:17:03,764 [DEBUG] tracker: Updating tracker with 1 detections
2025-05-05 14:17:03,809 [DEBUG] tracker: Tracker returned 1 tracks
2025-05-05 14:17:03,809 [DEBUG] utils: Drawing 1 tracks on frame
2025-05-05 14:17:03,810 [DEBUG] utils: Drew box for track ID 1
2025-05-05 14:17:03,813 [DEBUG] camera: Frame captured successfully
2025-05-05 14:17:03,814 [DEBUG] detector: Running YOLO detection
2025-05-05 14:17:03,941 [DEBUG] detector: Detected 1 objects
2025-05-05 14:17:03,941 [DEBUG] tracker: Updating tracker with 1 detections
2025-05-05 14:17:04,006 [DEBUG] tracker: Tracker returned 1 tracks
2025-05-05 14:17:04,006 [DEBUG] utils: Drawing 1 tracks on frame
2025-05-05 14:17:04,006 [DEBUG] utils: Drew box for track ID 1
2025-05-05 14:17:04,011 [DEBUG] camera: Frame captured successfully
2025-05-05 14:17:04,011 [DEBUG] detector: Running YOLO detection
2025-05-05 14:17:04,145 [DEBUG] detector: Detected 1 objects
2025-05-05 14:17:04,145 [DEBUG] tracker: Updating tracker with 1 detections
2025-05-05 14:17:04,192 [DEBUG] tracker: Tracker returned 1 tracks
2025-05-05 14:17:04,192 [DEBUG] utils: Drawing 1 tracks on frame
2025-05-05 14:17:04,193 [DEBUG] utils: Drew box for track ID 1
2025-05-05 14:17:04,196 [DEBUG] camera: Frame captured successfully
2025-05-05 14:17:04,197 [DEBUG] detector: Running YOLO detection
2025-05-05 14:17:04,355 [DEBUG] detector: Detected 1 objects
2025-05-05 14:17:04,355 [DEBUG] tracker: Updating tracker with 1 detections
2025-05-05 14:17:04,405 [DEBUG] tracker: Tracker returned 1 tracks
2025-05-05 14:17:04,405 [DEBUG] utils: Drawing 1 tracks on frame
2025-05-05 14:17:04,405 [DEBUG] utils: Drew box for track ID 1
2025-05-05 14:17:04,409 [DEBUG] camera: Frame captured successfully
2025-05-05 14:17:04,410 [DEBUG] detector: Running YOLO detection
2025-05-05 14:17:04,552 [DEBUG] detector: Detected 1 objects
2025-05-05 14:17:04,553 [DEBUG] tracker: Updating tracker with 1 detections
2025-05-05 14:17:04,603 [DEBUG] tracker: Tracker returned 1 tracks
2025-05-05 14:17:04,603 [DEBUG] utils: Drawing 1 tracks on frame
2025-05-05 14:17:04,603 [DEBUG] utils: Drew box for track ID 1
2025-05-05 14:17:04,607 [DEBUG] camera: Frame captured successfully
2025-05-05 14:17:04,607 [DEBUG] detector: Running YOLO detection
2025-05-05 14:17:04,768 [DEBUG] detector: Detected 1 objects
2025-05-05 14:17:04,769 [DEBUG] tracker: Updating tracker with 1 detections
2025-05-05 14:17:04,832 [DEBUG] tracker: Tracker returned 1 tracks
2025-05-05 14:17:04,832 [DEBUG] utils: Drawing 1 tracks on frame
2025-05-05 14:17:04,832 [DEBUG] utils: Drew box for track ID 1
2025-05-05 14:17:04,836 [DEBUG] camera: Frame captured successfully
2025-05-05 14:17:04,837 [DEBUG] detector: Running YOLO detection
2025-05-05 14:17:04,982 [DEBUG] detector: Detected 1 objects
2025-05-05 14:17:04,982 [DEBUG] tracker: Updating tracker with 1 detections
2025-05-05 14:17:05,034 [DEBUG] tracker: Tracker returned 1 tracks
2025-05-05 14:17:05,035 [DEBUG] utils: Drawing 1 tracks on frame
2025-05-05 14:17:05,035 [DEBUG] utils: Drew box for track ID 1
2025-05-05 14:17:05,038 [DEBUG] camera: Frame captured successfully
2025-05-05 14:17:05,039 [DEBUG] detector: Running YOLO detection
2025-05-05 14:17:05,169 [DEBUG] detector: Detected 1 objects
2025-05-05 14:17:05,169 [DEBUG] tracker: Updating tracker with 1 detections
2025-05-05 14:17:05,226 [DEBUG] tracker: Tracker returned 1 tracks
2025-05-05 14:17:05,226 [DEBUG] utils: Drawing 1 tracks on frame
2025-05-05 14:17:05,227 [DEBUG] utils: Drew box for track ID 1
2025-05-05 14:17:05,237 [DEBUG] camera: Frame captured successfully
2025-05-05 14:17:05,237 [DEBUG] detector: Running YOLO detection
2025-05-05 14:17:05,371 [DEBUG] detector: Detected 1 objects
2025-05-05 14:17:05,371 [DEBUG] tracker: Updating tracker with 1 detections
2025-05-05 14:17:05,419 [DEBUG] tracker: Tracker returned 1 tracks
2025-05-05 14:17:05,419 [DEBUG] utils: Drawing 1 tracks on frame
2025-05-05 14:17:05,419 [DEBUG] utils: Drew box for track ID 1
2025-05-05 14:17:05,423 [DEBUG] camera: Frame captured successfully
2025-05-05 14:17:05,423 [DEBUG] detector: Running YOLO detection
2025-05-05 14:17:05,563 [DEBUG] detector: Detected 1 objects
2025-05-05 14:17:05,563 [DEBUG] tracker: Updating tracker with 1 detections
2025-05-05 14:17:05,611 [DEBUG] tracker: Tracker returned 1 tracks
2025-05-05 14:17:05,612 [DEBUG] utils: Drawing 1 tracks on frame
2025-05-05 14:17:05,612 [DEBUG] utils: Drew box for track ID 1
2025-05-05 14:17:05,615 [DEBUG] camera: Frame captured successfully
2025-05-05 14:17:05,616 [DEBUG] detector: Running YOLO detection
2025-05-05 14:17:05,771 [DEBUG] detector: Detected 1 objects
2025-05-05 14:17:05,772 [DEBUG] tracker: Updating tracker with 1 detections
2025-05-05 14:17:05,855 [DEBUG] tracker: Tracker returned 1 tracks
2025-05-05 14:17:05,856 [DEBUG] utils: Drawing 1 tracks on frame
2025-05-05 14:17:05,856 [DEBUG] utils: Drew box for track ID 1
2025-05-05 14:17:05,860 [DEBUG] camera: Frame captured successfully
2025-05-05 14:17:05,861 [DEBUG] detector: Running YOLO detection
2025-05-05 14:17:06,326 [DEBUG] detector: Detected 1 objects
2025-05-05 14:17:06,326 [DEBUG] tracker: Updating tracker with 1 detections
2025-05-05 14:17:06,376 [DEBUG] tracker: Tracker returned 1 tracks
2025-05-05 14:17:06,376 [DEBUG] utils: Drawing 1 tracks on frame
2025-05-05 14:17:06,376 [DEBUG] utils: Drew box for track ID 1
2025-05-05 14:17:06,380 [DEBUG] camera: Frame captured successfully
2025-05-05 14:17:06,380 [DEBUG] detector: Running YOLO detection
2025-05-05 14:17:06,535 [DEBUG] detector: Detected 1 objects
2025-05-05 14:17:06,535 [DEBUG] tracker: Updating tracker with 1 detections
2025-05-05 14:17:06,582 [DEBUG] tracker: Tracker returned 1 tracks
2025-05-05 14:17:06,582 [DEBUG] utils: Drawing 1 tracks on frame
2025-05-05 14:17:06,582 [DEBUG] utils: Drew box for track ID 1
2025-05-05 14:17:06,586 [DEBUG] camera: Frame captured successfully
2025-05-05 14:17:06,586 [DEBUG] detector: Running YOLO detection
2025-05-05 14:17:06,743 [DEBUG] detector: Detected 1 objects
2025-05-05 14:17:06,743 [DEBUG] tracker: Updating tracker with 1 detections
2025-05-05 14:17:06,803 [DEBUG] tracker: Tracker returned 1 tracks
2025-05-05 14:17:06,803 [DEBUG] utils: Drawing 1 tracks on frame
2025-05-05 14:17:06,803 [DEBUG] utils: Drew box for track ID 1
2025-05-05 14:17:06,807 [DEBUG] camera: Frame captured successfully
2025-05-05 14:17:06,807 [DEBUG] detector: Running YOLO detection
2025-05-05 14:17:06,930 [DEBUG] detector: Detected 1 objects
2025-05-05 14:17:06,931 [DEBUG] tracker: Updating tracker with 1 detections
2025-05-05 14:17:07,012 [DEBUG] tracker: Tracker returned 1 tracks
2025-05-05 14:17:07,012 [DEBUG] utils: Drawing 1 tracks on frame
2025-05-05 14:17:07,013 [DEBUG] utils: Drew box for track ID 1
2025-05-05 14:17:07,017 [DEBUG] camera: Frame captured successfully
2025-05-05 14:17:07,018 [DEBUG] detector: Running YOLO detection
2025-05-05 14:17:07,259 [DEBUG] detector: Detected 1 objects
2025-05-05 14:17:07,260 [DEBUG] tracker: Updating tracker with 1 detections
2025-05-05 14:17:07,313 [DEBUG] tracker: Tracker returned 1 tracks
2025-05-05 14:17:07,313 [DEBUG] utils: Drawing 1 tracks on frame
2025-05-05 14:17:07,314 [DEBUG] utils: Drew box for track ID 1
2025-05-05 14:17:07,317 [DEBUG] camera: Frame captured successfully
2025-05-05 14:17:07,317 [DEBUG] detector: Running YOLO detection
2025-05-05 14:17:07,475 [DEBUG] detector: Detected 1 objects
2025-05-05 14:17:07,476 [DEBUG] tracker: Updating tracker with 1 detections
2025-05-05 14:17:07,547 [DEBUG] tracker: Tracker returned 1 tracks
2025-05-05 14:17:07,547 [DEBUG] utils: Drawing 1 tracks on frame
2025-05-05 14:17:07,547 [DEBUG] utils: Drew box for track ID 1
2025-05-05 14:17:07,551 [DEBUG] camera: Frame captured successfully
2025-05-05 14:17:07,551 [DEBUG] detector: Running YOLO detection
2025-05-05 14:17:07,686 [DEBUG] detector: Detected 1 objects
2025-05-05 14:17:07,686 [DEBUG] tracker: Updating tracker with 1 detections
2025-05-05 14:17:07,753 [DEBUG] tracker: Tracker returned 1 tracks
2025-05-05 14:17:07,753 [DEBUG] utils: Drawing 1 tracks on frame
2025-05-05 14:17:07,754 [DEBUG] utils: Drew box for track ID 1
2025-05-05 14:17:07,759 [DEBUG] camera: Frame captured successfully
2025-05-05 14:17:07,759 [DEBUG] detector: Running YOLO detection
2025-05-05 14:17:07,885 [DEBUG] detector: Detected 1 objects
2025-05-05 14:17:07,885 [DEBUG] tracker: Updating tracker with 1 detections
2025-05-05 14:17:07,942 [DEBUG] tracker: Tracker returned 1 tracks
2025-05-05 14:17:07,943 [DEBUG] utils: Drawing 1 tracks on frame
2025-05-05 14:17:07,943 [DEBUG] utils: Drew box for track ID 1
2025-05-05 14:17:07,947 [DEBUG] camera: Frame captured successfully
2025-05-05 14:17:07,947 [DEBUG] detector: Running YOLO detection
2025-05-05 14:17:08,272 [DEBUG] detector: Detected 1 objects
2025-05-05 14:17:08,273 [DEBUG] tracker: Updating tracker with 1 detections
2025-05-05 14:17:08,363 [DEBUG] tracker: Tracker returned 1 tracks
2025-05-05 14:17:08,364 [DEBUG] utils: Drawing 1 tracks on frame
2025-05-05 14:17:08,364 [DEBUG] utils: Drew box for track ID 1
2025-05-05 14:17:08,373 [DEBUG] camera: Frame captured successfully
2025-05-05 14:17:08,373 [DEBUG] detector: Running YOLO detection
2025-05-05 14:17:08,642 [DEBUG] detector: Detected 1 objects
2025-05-05 14:17:08,642 [DEBUG] tracker: Updating tracker with 1 detections
2025-05-05 14:17:08,786 [DEBUG] tracker: Tracker returned 1 tracks
2025-05-05 14:17:08,787 [DEBUG] utils: Drawing 1 tracks on frame
2025-05-05 14:17:08,787 [DEBUG] utils: Drew box for track ID 1
2025-05-05 14:17:08,791 [DEBUG] camera: Frame captured successfully
2025-05-05 14:17:08,792 [DEBUG] detector: Running YOLO detection
2025-05-05 14:17:09,016 [DEBUG] detector: Detected 1 objects
2025-05-05 14:17:09,016 [DEBUG] tracker: Updating tracker with 1 detections
2025-05-05 14:17:09,073 [DEBUG] tracker: Tracker returned 1 tracks
2025-05-05 14:17:09,073 [DEBUG] utils: Drawing 1 tracks on frame
2025-05-05 14:17:09,074 [DEBUG] utils: Drew box for track ID 1
2025-05-05 14:17:09,077 [DEBUG] camera: Frame captured successfully
2025-05-05 14:17:09,078 [DEBUG] detector: Running YOLO detection
2025-05-05 14:17:09,216 [DEBUG] detector: Detected 1 objects
2025-05-05 14:17:09,216 [DEBUG] tracker: Updating tracker with 1 detections
2025-05-05 14:17:09,325 [DEBUG] tracker: Tracker returned 1 tracks
2025-05-05 14:17:09,325 [DEBUG] utils: Drawing 1 tracks on frame
2025-05-05 14:17:09,326 [DEBUG] utils: Drew box for track ID 1
2025-05-05 14:17:09,330 [DEBUG] camera: Frame captured successfully
2025-05-05 14:17:09,330 [DEBUG] detector: Running YOLO detection
2025-05-05 14:17:09,505 [DEBUG] detector: Detected 1 objects
2025-05-05 14:17:09,505 [DEBUG] tracker: Updating tracker with 1 detections
2025-05-05 14:17:09,564 [DEBUG] tracker: Tracker returned 1 tracks
2025-05-05 14:17:09,564 [DEBUG] utils: Drawing 1 tracks on frame
2025-05-05 14:17:09,565 [DEBUG] utils: Drew box for track ID 1
2025-05-05 14:17:09,569 [DEBUG] camera: Frame captured successfully
2025-05-05 14:17:09,569 [DEBUG] detector: Running YOLO detection
2025-05-05 14:17:09,735 [DEBUG] detector: Detected 1 objects
2025-05-05 14:17:09,738 [DEBUG] tracker: Updating tracker with 1 detections
2025-05-05 14:17:09,930 [DEBUG] tracker: Tracker returned 1 tracks
2025-05-05 14:17:09,930 [DEBUG] utils: Drawing 1 tracks on frame
2025-05-05 14:17:09,931 [DEBUG] utils: Drew box for track ID 1
2025-05-05 14:17:09,939 [DEBUG] camera: Frame captured successfully
2025-05-05 14:17:09,939 [DEBUG] detector: Running YOLO detection
2025-05-05 14:17:10,092 [DEBUG] detector: Detected 1 objects
2025-05-05 14:17:10,092 [DEBUG] tracker: Updating tracker with 1 detections
2025-05-05 14:17:10,153 [DEBUG] tracker: Tracker returned 1 tracks
2025-05-05 14:17:10,153 [DEBUG] utils: Drawing 1 tracks on frame
2025-05-05 14:17:10,154 [DEBUG] utils: Drew box for track ID 1
2025-05-05 14:17:10,161 [DEBUG] camera: Frame captured successfully
2025-05-05 14:17:10,161 [DEBUG] detector: Running YOLO detection
2025-05-05 14:17:10,313 [DEBUG] detector: Detected 1 objects
2025-05-05 14:17:10,313 [DEBUG] tracker: Updating tracker with 1 detections
2025-05-05 14:17:10,374 [DEBUG] tracker: Tracker returned 1 tracks
2025-05-05 14:17:10,375 [DEBUG] utils: Drawing 1 tracks on frame
2025-05-05 14:17:10,375 [DEBUG] utils: Drew box for track ID 1
2025-05-05 14:17:10,381 [DEBUG] camera: Frame captured successfully
2025-05-05 14:17:10,381 [DEBUG] detector: Running YOLO detection
2025-05-05 14:17:10,522 [DEBUG] detector: Detected 1 objects
2025-05-05 14:17:10,522 [DEBUG] tracker: Updating tracker with 1 detections
2025-05-05 14:17:10,580 [DEBUG] tracker: Tracker returned 1 tracks
2025-05-05 14:17:10,580 [DEBUG] utils: Drawing 1 tracks on frame
2025-05-05 14:17:10,581 [DEBUG] utils: Drew box for track ID 1
2025-05-05 14:17:10,586 [DEBUG] camera: Frame captured successfully
2025-05-05 14:17:10,586 [DEBUG] detector: Running YOLO detection
2025-05-05 14:17:10,759 [DEBUG] detector: Detected 1 objects
2025-05-05 14:17:10,759 [DEBUG] tracker: Updating tracker with 1 detections
2025-05-05 14:17:10,821 [DEBUG] tracker: Tracker returned 1 tracks
2025-05-05 14:17:10,821 [DEBUG] utils: Drawing 1 tracks on frame
2025-05-05 14:17:10,821 [DEBUG] utils: Drew box for track ID 1
2025-05-05 14:17:10,827 [DEBUG] camera: Frame captured successfully
2025-05-05 14:17:10,827 [DEBUG] detector: Running YOLO detection
2025-05-05 14:17:10,972 [DEBUG] detector: Detected 1 objects
2025-05-05 14:17:10,973 [DEBUG] tracker: Updating tracker with 1 detections
2025-05-05 14:17:11,037 [DEBUG] tracker: Tracker returned 1 tracks
2025-05-05 14:17:11,037 [DEBUG] utils: Drawing 1 tracks on frame
2025-05-05 14:17:11,037 [DEBUG] utils: Drew box for track ID 1
2025-05-05 14:17:11,043 [DEBUG] camera: Frame captured successfully
2025-05-05 14:17:11,043 [DEBUG] detector: Running YOLO detection
2025-05-05 14:17:11,181 [DEBUG] detector: Detected 1 objects
2025-05-05 14:17:11,182 [DEBUG] tracker: Updating tracker with 1 detections
2025-05-05 14:17:11,246 [DEBUG] tracker: Tracker returned 1 tracks
2025-05-05 14:17:11,247 [DEBUG] utils: Drawing 1 tracks on frame
2025-05-05 14:17:11,247 [DEBUG] utils: Drew box for track ID 1
2025-05-05 14:17:11,259 [DEBUG] camera: Frame captured successfully
2025-05-05 14:17:11,262 [DEBUG] detector: Running YOLO detection
2025-05-05 14:17:11,406 [DEBUG] detector: Detected 1 objects
2025-05-05 14:17:11,406 [DEBUG] tracker: Updating tracker with 1 detections
2025-05-05 14:17:11,501 [DEBUG] tracker: Tracker returned 1 tracks
2025-05-05 14:17:11,501 [DEBUG] utils: Drawing 1 tracks on frame
2025-05-05 14:17:11,501 [DEBUG] utils: Drew box for track ID 1
2025-05-05 14:17:11,509 [DEBUG] camera: Frame captured successfully
2025-05-05 14:17:11,509 [DEBUG] detector: Running YOLO detection
2025-05-05 14:17:11,658 [DEBUG] detector: Detected 1 objects
2025-05-05 14:17:11,658 [DEBUG] tracker: Updating tracker with 1 detections
2025-05-05 14:17:11,743 [DEBUG] tracker: Tracker returned 1 tracks
2025-05-05 14:17:11,743 [DEBUG] utils: Drawing 1 tracks on frame
2025-05-05 14:17:11,743 [DEBUG] utils: Drew box for track ID 1
2025-05-05 14:17:11,758 [DEBUG] camera: Frame captured successfully
2025-05-05 14:17:11,758 [DEBUG] detector: Running YOLO detection
2025-05-05 14:17:11,913 [DEBUG] detector: Detected 1 objects
2025-05-05 14:17:11,914 [DEBUG] tracker: Updating tracker with 1 detections
2025-05-05 14:17:11,977 [DEBUG] tracker: Tracker returned 1 tracks
2025-05-05 14:17:11,978 [DEBUG] utils: Drawing 1 tracks on frame
2025-05-05 14:17:11,978 [DEBUG] utils: Drew box for track ID 1
2025-05-05 14:17:11,991 [DEBUG] camera: Frame captured successfully
2025-05-05 14:17:11,993 [DEBUG] detector: Running YOLO detection
2025-05-05 14:17:12,133 [DEBUG] detector: Detected 1 objects
2025-05-05 14:17:12,134 [DEBUG] tracker: Updating tracker with 1 detections
2025-05-05 14:17:12,187 [DEBUG] tracker: Tracker returned 1 tracks
2025-05-05 14:17:12,187 [DEBUG] utils: Drawing 1 tracks on frame
2025-05-05 14:17:12,187 [DEBUG] utils: Drew box for track ID 1
2025-05-05 14:17:12,193 [DEBUG] camera: Frame captured successfully
2025-05-05 14:17:12,194 [DEBUG] detector: Running YOLO detection
2025-05-05 14:17:12,353 [DEBUG] detector: Detected 1 objects
2025-05-05 14:17:12,353 [DEBUG] tracker: Updating tracker with 1 detections
2025-05-05 14:17:12,414 [DEBUG] tracker: Tracker returned 1 tracks
2025-05-05 14:17:12,414 [DEBUG] utils: Drawing 1 tracks on frame
2025-05-05 14:17:12,415 [DEBUG] utils: Drew box for track ID 1
2025-05-05 14:17:12,420 [DEBUG] camera: Frame captured successfully
2025-05-05 14:17:12,421 [DEBUG] detector: Running YOLO detection
2025-05-05 14:17:12,573 [DEBUG] detector: Detected 1 objects
2025-05-05 14:17:12,573 [DEBUG] tracker: Updating tracker with 1 detections
2025-05-05 14:17:12,638 [DEBUG] tracker: Tracker returned 1 tracks
2025-05-05 14:17:12,638 [DEBUG] utils: Drawing 1 tracks on frame
2025-05-05 14:17:12,638 [DEBUG] utils: Drew box for track ID 1
2025-05-05 14:17:12,644 [DEBUG] camera: Frame captured successfully
2025-05-05 14:17:12,644 [DEBUG] detector: Running YOLO detection
2025-05-05 14:17:12,804 [DEBUG] detector: Detected 1 objects
2025-05-05 14:17:12,805 [DEBUG] tracker: Updating tracker with 1 detections
2025-05-05 14:17:12,876 [DEBUG] tracker: Tracker returned 1 tracks
2025-05-05 14:17:12,877 [DEBUG] utils: Drawing 1 tracks on frame
2025-05-05 14:17:12,877 [DEBUG] utils: Drew box for track ID 1
2025-05-05 14:17:12,883 [DEBUG] camera: Frame captured successfully
2025-05-05 14:17:12,883 [DEBUG] detector: Running YOLO detection
2025-05-05 14:17:13,040 [DEBUG] detector: Detected 1 objects
2025-05-05 14:17:13,041 [DEBUG] tracker: Updating tracker with 1 detections
2025-05-05 14:17:13,100 [DEBUG] tracker: Tracker returned 1 tracks
2025-05-05 14:17:13,100 [DEBUG] utils: Drawing 1 tracks on frame
2025-05-05 14:17:13,100 [DEBUG] utils: Drew box for track ID 1
2025-05-05 14:17:13,105 [DEBUG] camera: Frame captured successfully
2025-05-05 14:17:13,106 [DEBUG] detector: Running YOLO detection
2025-05-05 14:17:13,258 [DEBUG] detector: Detected 1 objects
2025-05-05 14:17:13,258 [DEBUG] tracker: Updating tracker with 1 detections
2025-05-05 14:17:13,321 [DEBUG] tracker: Tracker returned 1 tracks
2025-05-05 14:17:13,321 [DEBUG] utils: Drawing 1 tracks on frame
2025-05-05 14:17:13,322 [DEBUG] utils: Drew box for track ID 1
2025-05-05 14:17:13,328 [DEBUG] camera: Frame captured successfully
2025-05-05 14:17:13,328 [DEBUG] detector: Running YOLO detection
2025-05-05 14:17:13,461 [DEBUG] detector: Detected 1 objects
2025-05-05 14:17:13,461 [DEBUG] tracker: Updating tracker with 1 detections
2025-05-05 14:17:13,539 [DEBUG] tracker: Tracker returned 1 tracks
2025-05-05 14:17:13,539 [DEBUG] utils: Drawing 1 tracks on frame
2025-05-05 14:17:13,540 [DEBUG] utils: Drew box for track ID 1
2025-05-05 14:17:13,546 [DEBUG] camera: Frame captured successfully
2025-05-05 14:17:13,546 [DEBUG] detector: Running YOLO detection
2025-05-05 14:17:13,680 [DEBUG] detector: Detected 1 objects
2025-05-05 14:17:13,680 [DEBUG] tracker: Updating tracker with 1 detections
2025-05-05 14:17:13,749 [DEBUG] tracker: Tracker returned 1 tracks
2025-05-05 14:17:13,750 [DEBUG] utils: Drawing 1 tracks on frame
2025-05-05 14:17:13,750 [DEBUG] utils: Drew box for track ID 1
2025-05-05 14:17:13,761 [DEBUG] camera: Frame captured successfully
2025-05-05 14:17:13,762 [DEBUG] detector: Running YOLO detection
2025-05-05 14:17:13,897 [DEBUG] detector: Detected 1 objects
2025-05-05 14:17:13,897 [DEBUG] tracker: Updating tracker with 1 detections
2025-05-05 14:17:13,956 [DEBUG] tracker: Tracker returned 1 tracks
2025-05-05 14:17:13,956 [DEBUG] utils: Drawing 1 tracks on frame
2025-05-05 14:17:13,956 [DEBUG] utils: Drew box for track ID 1
2025-05-05 14:17:13,961 [DEBUG] camera: Frame captured successfully
2025-05-05 14:17:13,961 [DEBUG] detector: Running YOLO detection
2025-05-05 14:17:14,140 [DEBUG] detector: Detected 1 objects
2025-05-05 14:17:14,140 [DEBUG] tracker: Updating tracker with 1 detections
2025-05-05 14:17:14,199 [DEBUG] tracker: Tracker returned 1 tracks
2025-05-05 14:17:14,199 [DEBUG] utils: Drawing 1 tracks on frame
2025-05-05 14:17:14,199 [DEBUG] utils: Drew box for track ID 1
2025-05-05 14:17:14,205 [DEBUG] camera: Frame captured successfully
2025-05-05 14:17:14,205 [DEBUG] detector: Running YOLO detection
2025-05-05 14:17:14,350 [DEBUG] detector: Detected 1 objects
2025-05-05 14:17:14,350 [DEBUG] tracker: Updating tracker with 1 detections
2025-05-05 14:17:14,410 [DEBUG] tracker: Tracker returned 1 tracks
2025-05-05 14:17:14,410 [DEBUG] utils: Drawing 1 tracks on frame
2025-05-05 14:17:14,411 [DEBUG] utils: Drew box for track ID 1
2025-05-05 14:17:14,417 [DEBUG] camera: Frame captured successfully
2025-05-05 14:17:14,417 [DEBUG] detector: Running YOLO detection
2025-05-05 14:17:14,581 [DEBUG] detector: Detected 1 objects
2025-05-05 14:17:14,581 [DEBUG] tracker: Updating tracker with 1 detections
2025-05-05 14:17:14,640 [DEBUG] tracker: Tracker returned 1 tracks
2025-05-05 14:17:14,640 [DEBUG] utils: Drawing 1 tracks on frame
2025-05-05 14:17:14,640 [DEBUG] utils: Drew box for track ID 1
2025-05-05 14:17:14,646 [DEBUG] camera: Frame captured successfully
2025-05-05 14:17:14,646 [DEBUG] detector: Running YOLO detection
2025-05-05 14:17:14,805 [DEBUG] detector: Detected 1 objects
2025-05-05 14:17:14,806 [DEBUG] tracker: Updating tracker with 1 detections
2025-05-05 14:17:14,876 [DEBUG] tracker: Tracker returned 1 tracks
2025-05-05 14:17:14,876 [DEBUG] utils: Drawing 1 tracks on frame
2025-05-05 14:17:14,876 [DEBUG] utils: Drew box for track ID 1
2025-05-05 14:17:14,882 [DEBUG] camera: Frame captured successfully
2025-05-05 14:17:14,882 [DEBUG] detector: Running YOLO detection
2025-05-05 14:17:15,053 [DEBUG] detector: Detected 1 objects
2025-05-05 14:17:15,053 [DEBUG] tracker: Updating tracker with 1 detections
2025-05-05 14:17:15,109 [DEBUG] tracker: Tracker returned 1 tracks
2025-05-05 14:17:15,109 [DEBUG] utils: Drawing 1 tracks on frame
2025-05-05 14:17:15,110 [DEBUG] utils: Drew box for track ID 1
2025-05-05 14:17:15,115 [DEBUG] camera: Frame captured successfully
2025-05-05 14:17:15,115 [DEBUG] detector: Running YOLO detection
2025-05-05 14:17:15,258 [DEBUG] detector: Detected 1 objects
2025-05-05 14:17:15,259 [DEBUG] tracker: Updating tracker with 1 detections
2025-05-05 14:17:15,312 [DEBUG] tracker: Tracker returned 1 tracks
2025-05-05 14:17:15,312 [DEBUG] utils: Drawing 1 tracks on frame
2025-05-05 14:17:15,313 [DEBUG] utils: Drew box for track ID 1
2025-05-05 14:17:15,317 [DEBUG] camera: Frame captured successfully
2025-05-05 14:17:15,318 [DEBUG] detector: Running YOLO detection
2025-05-05 14:17:15,451 [DEBUG] detector: Detected 1 objects
2025-05-05 14:17:15,451 [DEBUG] tracker: Updating tracker with 1 detections
2025-05-05 14:17:15,523 [DEBUG] tracker: Tracker returned 1 tracks
2025-05-05 14:17:15,523 [DEBUG] utils: Drawing 1 tracks on frame
2025-05-05 14:17:15,524 [DEBUG] utils: Drew box for track ID 1
2025-05-05 14:17:15,531 [DEBUG] camera: Frame captured successfully
2025-05-05 14:17:15,531 [DEBUG] detector: Running YOLO detection
2025-05-05 14:17:15,675 [DEBUG] detector: Detected 1 objects
2025-05-05 14:17:15,676 [DEBUG] tracker: Updating tracker with 1 detections
2025-05-05 14:17:15,736 [DEBUG] tracker: Tracker returned 1 tracks
2025-05-05 14:17:15,737 [DEBUG] utils: Drawing 1 tracks on frame
2025-05-05 14:17:15,737 [DEBUG] utils: Drew box for track ID 1
2025-05-05 14:17:15,749 [DEBUG] camera: Frame captured successfully
2025-05-05 14:17:15,750 [DEBUG] detector: Running YOLO detection
2025-05-05 14:17:15,899 [DEBUG] detector: Detected 1 objects
2025-05-05 14:17:15,899 [DEBUG] tracker: Updating tracker with 1 detections
2025-05-05 14:17:15,954 [DEBUG] tracker: Tracker returned 1 tracks
2025-05-05 14:17:15,955 [DEBUG] utils: Drawing 1 tracks on frame
2025-05-05 14:17:15,956 [DEBUG] utils: Drew box for track ID 1
2025-05-05 14:17:15,961 [DEBUG] camera: Frame captured successfully
2025-05-05 14:17:15,961 [DEBUG] detector: Running YOLO detection
2025-05-05 14:17:16,122 [DEBUG] detector: Detected 1 objects
2025-05-05 14:17:16,122 [DEBUG] tracker: Updating tracker with 1 detections
2025-05-05 14:17:16,181 [DEBUG] tracker: Tracker returned 1 tracks
2025-05-05 14:17:16,181 [DEBUG] utils: Drawing 1 tracks on frame
2025-05-05 14:17:16,181 [DEBUG] utils: Drew box for track ID 1
2025-05-05 14:17:16,187 [DEBUG] camera: Frame captured successfully
2025-05-05 14:17:16,187 [DEBUG] detector: Running YOLO detection
2025-05-05 14:17:16,334 [DEBUG] detector: Detected 1 objects
2025-05-05 14:17:16,334 [DEBUG] tracker: Updating tracker with 1 detections
2025-05-05 14:17:16,391 [DEBUG] tracker: Tracker returned 1 tracks
2025-05-05 14:17:16,391 [DEBUG] utils: Drawing 1 tracks on frame
2025-05-05 14:17:16,391 [DEBUG] utils: Drew box for track ID 1
2025-05-05 14:17:16,397 [DEBUG] camera: Frame captured successfully
2025-05-05 14:17:16,397 [DEBUG] detector: Running YOLO detection
2025-05-05 14:17:16,545 [DEBUG] detector: Detected 1 objects
2025-05-05 14:17:16,545 [DEBUG] tracker: Updating tracker with 1 detections
2025-05-05 14:17:16,603 [DEBUG] tracker: Tracker returned 1 tracks
2025-05-05 14:17:16,603 [DEBUG] utils: Drawing 1 tracks on frame
2025-05-05 14:17:16,604 [DEBUG] utils: Drew box for track ID 1
2025-05-05 14:17:16,610 [DEBUG] camera: Frame captured successfully
2025-05-05 14:17:16,610 [DEBUG] detector: Running YOLO detection
2025-05-05 14:17:16,750 [DEBUG] detector: Detected 1 objects
2025-05-05 14:17:16,750 [DEBUG] tracker: Updating tracker with 1 detections
2025-05-05 14:17:16,828 [DEBUG] tracker: Tracker returned 1 tracks
2025-05-05 14:17:16,828 [DEBUG] utils: Drawing 1 tracks on frame
2025-05-05 14:17:16,828 [DEBUG] utils: Drew box for track ID 1
2025-05-05 14:17:16,840 [DEBUG] camera: Frame captured successfully
2025-05-05 14:17:16,840 [DEBUG] detector: Running YOLO detection
2025-05-05 14:17:16,977 [DEBUG] detector: Detected 1 objects
2025-05-05 14:17:16,977 [DEBUG] tracker: Updating tracker with 1 detections
2025-05-05 14:17:17,062 [DEBUG] tracker: Tracker returned 1 tracks
2025-05-05 14:17:17,063 [DEBUG] utils: Drawing 1 tracks on frame
2025-05-05 14:17:17,063 [DEBUG] utils: Drew box for track ID 1
2025-05-05 14:17:17,215 [DEBUG] camera: Frame captured successfully
2025-05-05 14:17:17,215 [DEBUG] detector: Running YOLO detection
2025-05-05 14:17:17,369 [DEBUG] detector: Detected 1 objects
2025-05-05 14:17:17,370 [DEBUG] tracker: Updating tracker with 1 detections
2025-05-05 14:17:17,429 [DEBUG] tracker: Tracker returned 1 tracks
2025-05-05 14:17:17,429 [DEBUG] utils: Drawing 1 tracks on frame
2025-05-05 14:17:17,429 [DEBUG] utils: Drew box for track ID 1
2025-05-05 14:17:17,435 [DEBUG] camera: Frame captured successfully
2025-05-05 14:17:17,435 [DEBUG] detector: Running YOLO detection
2025-05-05 14:17:17,591 [DEBUG] detector: Detected 1 objects
2025-05-05 14:17:17,591 [DEBUG] tracker: Updating tracker with 1 detections
2025-05-05 14:17:17,649 [DEBUG] tracker: Tracker returned 1 tracks
2025-05-05 14:17:17,649 [DEBUG] utils: Drawing 1 tracks on frame
2025-05-05 14:17:17,650 [DEBUG] utils: Drew box for track ID 1
2025-05-05 14:17:17,659 [DEBUG] camera: Frame captured successfully
2025-05-05 14:17:17,659 [DEBUG] detector: Running YOLO detection
2025-05-05 14:17:17,846 [DEBUG] detector: Detected 1 objects
2025-05-05 14:17:17,846 [DEBUG] tracker: Updating tracker with 1 detections
2025-05-05 14:17:17,934 [DEBUG] tracker: Tracker returned 1 tracks
2025-05-05 14:17:17,934 [DEBUG] utils: Drawing 1 tracks on frame
2025-05-05 14:17:17,934 [DEBUG] utils: Drew box for track ID 1
2025-05-05 14:17:17,943 [DEBUG] camera: Frame captured successfully
2025-05-05 14:17:17,944 [DEBUG] detector: Running YOLO detection
2025-05-05 14:17:18,157 [DEBUG] detector: Detected 1 objects
2025-05-05 14:17:18,157 [DEBUG] tracker: Updating tracker with 1 detections
2025-05-05 14:17:18,214 [DEBUG] tracker: Tracker returned 1 tracks
2025-05-05 14:17:18,214 [DEBUG] utils: Drawing 1 tracks on frame
2025-05-05 14:17:18,214 [DEBUG] utils: Drew box for track ID 1
2025-05-05 14:17:18,218 [DEBUG] camera: Frame captured successfully
2025-05-05 14:17:18,219 [DEBUG] detector: Running YOLO detection
2025-05-05 14:17:18,374 [DEBUG] detector: Detected 1 objects
2025-05-05 14:17:18,374 [DEBUG] tracker: Updating tracker with 1 detections
2025-05-05 14:17:18,424 [INFO] main: Application interrupted by user
2025-05-05 14:17:18,427 [INFO] camera: Camera released
2025-05-05 14:17:18,429 [INFO] main: Application shutdown complete
2025-05-05 14:19:45,154 [INFO] main: Starting real-time tracking application
2025-05-05 14:19:45,154 [INFO] camera.log: Initializing camera
2025-05-05 14:19:45,338 [INFO] detector.log: Initializing YOLO detector with model: /home/muhammad/Internship Projects/Deep Learning/Computer Vision/Real-Time Object Detection & Tracking/weights/yolov8n.pt
2025-05-05 14:19:45,590 [INFO] tracker.log: Initializing DeepSort tracker
2025-05-05 14:19:47,462 [INFO] deep_sort_realtime.embedder.embedder_pytorch: MobileNetV2 Embedder for Deep Sort initialised
2025-05-05 14:19:47,462 [INFO] deep_sort_realtime.embedder.embedder_pytorch: - gpu enabled: False
2025-05-05 14:19:47,462 [INFO] deep_sort_realtime.embedder.embedder_pytorch: - half precision: False
2025-05-05 14:19:47,462 [INFO] deep_sort_realtime.embedder.embedder_pytorch: - max batch size: 16
2025-05-05 14:19:47,462 [INFO] deep_sort_realtime.embedder.embedder_pytorch: - expects BGR: True
2025-05-05 14:19:47,577 [INFO] deep_sort_realtime.deepsort_tracker: DeepSort Tracker initialised
2025-05-05 14:19:47,578 [INFO] deep_sort_realtime.deepsort_tracker: - max age: 30
2025-05-05 14:19:47,578 [INFO] deep_sort_realtime.deepsort_tracker: - appearance threshold: 0.2
2025-05-05 14:19:47,578 [INFO] deep_sort_realtime.deepsort_tracker: - nms threshold: OFF
2025-05-05 14:19:47,578 [INFO] deep_sort_realtime.deepsort_tracker: - max num of appearance features: None
2025-05-05 14:19:47,578 [INFO] deep_sort_realtime.deepsort_tracker: - overriding track class : No
2025-05-05 14:19:47,578 [INFO] deep_sort_realtime.deepsort_tracker: - today given : No
2025-05-05 14:19:47,578 [INFO] deep_sort_realtime.deepsort_tracker: - in-build embedder : Yes
2025-05-05 14:19:47,578 [INFO] deep_sort_realtime.deepsort_tracker: - polygon detections : No
2025-05-05 14:19:47,578 [INFO] logger.log: Initializing CSV logger with log file: /home/muhammad/Internship Projects/Deep Learning/Computer Vision/Real-Time Object Detection & Tracking/database/entries.csv
2025-05-05 14:19:47,579 [INFO] logger.log: Using existing CSV log file: /home/muhammad/Internship Projects/Deep Learning/Computer Vision/Real-Time Object Detection & Tracking/database/entries.csv
2025-05-05 14:19:47,866 [DEBUG] camera.log: Frame captured successfully
2025-05-05 14:19:47,867 [DEBUG] detector.log: Running YOLO detection
2025-05-05 14:19:48,331 [DEBUG] detector.log: Detected 1 objects
2025-05-05 14:19:48,331 [DEBUG] tracker.log: Updating tracker with 1 detections
2025-05-05 14:19:48,453 [DEBUG] tracker.log: Tracker returned 1 tracks
2025-05-05 14:19:48,456 [DEBUG] utils.log: Drawing 1 tracks on frame
2025-05-05 14:19:48,456 [DEBUG] utils.log: Skipping unconfirmed track ID 1
2025-05-05 14:19:48,637 [DEBUG] camera.log: Frame captured successfully
2025-05-05 14:19:48,637 [DEBUG] detector.log: Running YOLO detection
2025-05-05 14:19:48,906 [DEBUG] detector.log: Detected 1 objects
2025-05-05 14:19:48,907 [DEBUG] tracker.log: Updating tracker with 1 detections
2025-05-05 14:19:48,986 [DEBUG] tracker.log: Tracker returned 1 tracks
2025-05-05 14:19:48,986 [DEBUG] utils.log: Drawing 1 tracks on frame
2025-05-05 14:19:48,986 [DEBUG] utils.log: Skipping unconfirmed track ID 1
2025-05-05 14:19:48,999 [DEBUG] camera.log: Frame captured successfully
2025-05-05 14:19:49,000 [DEBUG] detector.log: Running YOLO detection
2025-05-05 14:19:49,145 [DEBUG] detector.log: Detected 1 objects
2025-05-05 14:19:49,146 [DEBUG] tracker.log: Updating tracker with 1 detections
2025-05-05 14:19:49,261 [DEBUG] tracker.log: Tracker returned 1 tracks
2025-05-05 14:19:49,261 [DEBUG] utils.log: Drawing 1 tracks on frame
2025-05-05 14:19:49,262 [DEBUG] utils.log: Drew box for track ID 1
2025-05-05 14:19:49,262 [INFO] logger.log: Logged track ID 1 at 2025-05-05 14:19:49
2025-05-05 14:19:49,269 [DEBUG] camera.log: Frame captured successfully
2025-05-05 14:19:49,270 [DEBUG] detector.log: Running YOLO detection
2025-05-05 14:19:49,415 [DEBUG] detector.log: Detected 1 objects
2025-05-05 14:19:49,415 [DEBUG] tracker.log: Updating tracker with 1 detections
2025-05-05 14:19:49,505 [DEBUG] tracker.log: Tracker returned 1 tracks
2025-05-05 14:19:49,505 [DEBUG] utils.log: Drawing 1 tracks on frame
2025-05-05 14:19:49,506 [DEBUG] utils.log: Drew box for track ID 1
2025-05-05 14:19:49,513 [DEBUG] camera.log: Frame captured successfully
2025-05-05 14:19:49,513 [DEBUG] detector.log: Running YOLO detection
2025-05-05 14:19:49,659 [DEBUG] detector.log: Detected 1 objects
2025-05-05 14:19:49,659 [DEBUG] tracker.log: Updating tracker with 1 detections
2025-05-05 14:19:50,185 [DEBUG] tracker.log: Tracker returned 1 tracks
2025-05-05 14:19:50,185 [DEBUG] utils.log: Drawing 1 tracks on frame
2025-05-05 14:19:50,185 [DEBUG] utils.log: Drew box for track ID 1
2025-05-05 14:19:50,197 [DEBUG] camera.log: Frame captured successfully
2025-05-05 14:19:50,197 [DEBUG] detector.log: Running YOLO detection
2025-05-05 14:19:50,437 [DEBUG] detector.log: Detected 1 objects
2025-05-05 14:19:50,437 [DEBUG] tracker.log: Updating tracker with 1 detections
2025-05-05 14:19:50,576 [DEBUG] tracker.log: Tracker returned 1 tracks
2025-05-05 14:19:50,576 [DEBUG] utils.log: Drawing 1 tracks on frame
2025-05-05 14:19:50,576 [DEBUG] utils.log: Drew box for track ID 1
2025-05-05 14:19:50,580 [DEBUG] camera.log: Frame captured successfully
2025-05-05 14:19:50,580 [DEBUG] detector.log: Running YOLO detection
2025-05-05 14:19:50,778 [DEBUG] detector.log: Detected 1 objects
2025-05-05 14:19:50,778 [DEBUG] tracker.log: Updating tracker with 1 detections
2025-05-05 14:19:50,833 [DEBUG] tracker.log: Tracker returned 1 tracks
2025-05-05 14:19:50,833 [DEBUG] utils.log: Drawing 1 tracks on frame
2025-05-05 14:19:50,833 [DEBUG] utils.log: Drew box for track ID 1
2025-05-05 14:19:50,839 [DEBUG] camera.log: Frame captured successfully
2025-05-05 14:19:50,840 [DEBUG] detector.log: Running YOLO detection
2025-05-05 14:19:50,992 [DEBUG] detector.log: Detected 1 objects
2025-05-05 14:19:50,992 [DEBUG] tracker.log: Updating tracker with 1 detections
2025-05-05 14:19:51,045 [DEBUG] tracker.log: Tracker returned 1 tracks
2025-05-05 14:19:51,045 [DEBUG] utils.log: Drawing 1 tracks on frame
2025-05-05 14:19:51,046 [DEBUG] utils.log: Drew box for track ID 1
2025-05-05 14:19:51,052 [DEBUG] camera.log: Frame captured successfully
2025-05-05 14:19:51,052 [DEBUG] detector.log: Running YOLO detection
2025-05-05 14:19:51,202 [DEBUG] detector.log: Detected 1 objects
2025-05-05 14:19:51,202 [DEBUG] tracker.log: Updating tracker with 1 detections
2025-05-05 14:19:51,277 [DEBUG] tracker.log: Tracker returned 1 tracks
2025-05-05 14:19:51,277 [DEBUG] utils.log: Drawing 1 tracks on frame
2025-05-05 14:19:51,277 [DEBUG] utils.log: Drew box for track ID 1
2025-05-05 14:19:51,284 [DEBUG] camera.log: Frame captured successfully
2025-05-05 14:19:51,284 [DEBUG] detector.log: Running YOLO detection
2025-05-05 14:19:51,415 [DEBUG] detector.log: Detected 1 objects
2025-05-05 14:19:51,415 [DEBUG] tracker.log: Updating tracker with 1 detections
2025-05-05 14:19:51,484 [DEBUG] tracker.log: Tracker returned 1 tracks
2025-05-05 14:19:51,484 [DEBUG] utils.log: Drawing 1 tracks on frame
2025-05-05 14:19:51,485 [DEBUG] utils.log: Drew box for track ID 1
2025-05-05 14:19:51,491 [DEBUG] camera.log: Frame captured successfully
2025-05-05 14:19:51,491 [DEBUG] detector.log: Running YOLO detection
2025-05-05 14:19:51,626 [DEBUG] detector.log: Detected 1 objects
2025-05-05 14:19:51,626 [DEBUG] tracker.log: Updating tracker with 1 detections
2025-05-05 14:19:51,680 [DEBUG] tracker.log: Tracker returned 1 tracks
2025-05-05 14:19:51,681 [DEBUG] utils.log: Drawing 1 tracks on frame
2025-05-05 14:19:51,681 [DEBUG] utils.log: Drew box for track ID 1
2025-05-05 14:19:51,688 [DEBUG] camera.log: Frame captured successfully
2025-05-05 14:19:51,688 [DEBUG] detector.log: Running YOLO detection
2025-05-05 14:19:51,850 [DEBUG] detector.log: Detected 1 objects
2025-05-05 14:19:51,851 [DEBUG] tracker.log: Updating tracker with 1 detections
2025-05-05 14:19:51,905 [DEBUG] tracker.log: Tracker returned 1 tracks
2025-05-05 14:19:51,906 [DEBUG] utils.log: Drawing 1 tracks on frame
2025-05-05 14:19:51,906 [DEBUG] utils.log: Drew box for track ID 1
2025-05-05 14:19:51,912 [DEBUG] camera.log: Frame captured successfully
2025-05-05 14:19:51,912 [DEBUG] detector.log: Running YOLO detection
2025-05-05 14:19:52,055 [DEBUG] detector.log: Detected 1 objects
2025-05-05 14:19:52,055 [DEBUG] tracker.log: Updating tracker with 1 detections
2025-05-05 14:19:52,123 [DEBUG] tracker.log: Tracker returned 1 tracks
2025-05-05 14:19:52,123 [DEBUG] utils.log: Drawing 1 tracks on frame
2025-05-05 14:19:52,123 [DEBUG] utils.log: Drew box for track ID 1
2025-05-05 14:19:52,130 [DEBUG] camera.log: Frame captured successfully
2025-05-05 14:19:52,131 [DEBUG] detector.log: Running YOLO detection
2025-05-05 14:19:52,333 [DEBUG] detector.log: Detected 1 objects
2025-05-05 14:19:52,333 [DEBUG] tracker.log: Updating tracker with 1 detections
2025-05-05 14:19:52,387 [DEBUG] tracker.log: Tracker returned 1 tracks
2025-05-05 14:19:52,387 [DEBUG] utils.log: Drawing 1 tracks on frame
2025-05-05 14:19:52,387 [DEBUG] utils.log: Drew box for track ID 1
2025-05-05 14:19:52,393 [DEBUG] camera.log: Frame captured successfully
2025-05-05 14:19:52,394 [DEBUG] detector.log: Running YOLO detection
2025-05-05 14:19:52,548 [DEBUG] detector.log: Detected 1 objects
2025-05-05 14:19:52,548 [DEBUG] tracker.log: Updating tracker with 1 detections
2025-05-05 14:19:52,603 [DEBUG] tracker.log: Tracker returned 1 tracks
2025-05-05 14:19:52,603 [DEBUG] utils.log: Drawing 1 tracks on frame
2025-05-05 14:19:52,603 [DEBUG] utils.log: Drew box for track ID 1
2025-05-05 14:19:52,609 [DEBUG] camera.log: Frame captured successfully
2025-05-05 14:19:52,609 [DEBUG] detector.log: Running YOLO detection
2025-05-05 14:19:52,776 [DEBUG] detector.log: Detected 1 objects
2025-05-05 14:19:52,776 [DEBUG] tracker.log: Updating tracker with 1 detections
2025-05-05 14:19:52,837 [DEBUG] tracker.log: Tracker returned 1 tracks
2025-05-05 14:19:52,837 [DEBUG] utils.log: Drawing 1 tracks on frame
2025-05-05 14:19:52,838 [DEBUG] utils.log: Drew box for track ID 1
2025-05-05 14:19:52,843 [DEBUG] camera.log: Frame captured successfully
2025-05-05 14:19:52,843 [DEBUG] detector.log: Running YOLO detection
2025-05-05 14:19:52,989 [DEBUG] detector.log: Detected 1 objects
2025-05-05 14:19:52,989 [DEBUG] tracker.log: Updating tracker with 1 detections
2025-05-05 14:19:53,045 [DEBUG] tracker.log: Tracker returned 1 tracks
2025-05-05 14:19:53,046 [DEBUG] utils.log: Drawing 1 tracks on frame
2025-05-05 14:19:53,046 [DEBUG] utils.log: Drew box for track ID 1
2025-05-05 14:19:53,052 [DEBUG] camera.log: Frame captured successfully
2025-05-05 14:19:53,052 [DEBUG] detector.log: Running YOLO detection
2025-05-05 14:19:53,189 [DEBUG] detector.log: Detected 1 objects
2025-05-05 14:19:53,190 [DEBUG] tracker.log: Updating tracker with 1 detections
2025-05-05 14:19:53,287 [DEBUG] tracker.log: Tracker returned 1 tracks
2025-05-05 14:19:53,287 [DEBUG] utils.log: Drawing 1 tracks on frame
2025-05-05 14:19:53,287 [DEBUG] utils.log: Drew box for track ID 1
2025-05-05 14:19:53,293 [DEBUG] camera.log: Frame captured successfully
2025-05-05 14:19:53,293 [DEBUG] detector.log: Running YOLO detection
2025-05-05 14:19:53,435 [DEBUG] detector.log: Detected 1 objects
2025-05-05 14:19:53,435 [DEBUG] tracker.log: Updating tracker with 1 detections
2025-05-05 14:19:53,497 [DEBUG] tracker.log: Tracker returned 1 tracks
2025-05-05 14:19:53,498 [DEBUG] utils.log: Drawing 1 tracks on frame
2025-05-05 14:19:53,498 [DEBUG] utils.log: Drew box for track ID 1
2025-05-05 14:19:53,509 [DEBUG] camera.log: Frame captured successfully
2025-05-05 14:19:53,509 [DEBUG] detector.log: Running YOLO detection
2025-05-05 14:19:53,641 [DEBUG] detector.log: Detected 1 objects
2025-05-05 14:19:53,642 [DEBUG] tracker.log: Updating tracker with 1 detections
2025-05-05 14:19:53,700 [DEBUG] tracker.log: Tracker returned 1 tracks
2025-05-05 14:19:53,700 [DEBUG] utils.log: Drawing 1 tracks on frame
2025-05-05 14:19:53,701 [DEBUG] utils.log: Drew box for track ID 1
2025-05-05 14:19:53,709 [DEBUG] camera.log: Frame captured successfully
2025-05-05 14:19:53,710 [DEBUG] detector.log: Running YOLO detection
2025-05-05 14:19:53,859 [DEBUG] detector.log: Detected 1 objects
2025-05-05 14:19:53,860 [DEBUG] tracker.log: Updating tracker with 1 detections
2025-05-05 14:19:53,913 [DEBUG] tracker.log: Tracker returned 1 tracks
2025-05-05 14:19:53,913 [DEBUG] utils.log: Drawing 1 tracks on frame
2025-05-05 14:19:53,913 [DEBUG] utils.log: Drew box for track ID 1
2025-05-05 14:19:53,919 [DEBUG] camera.log: Frame captured successfully
2025-05-05 14:19:53,919 [DEBUG] detector.log: Running YOLO detection
2025-05-05 14:19:54,087 [DEBUG] detector.log: Detected 1 objects
2025-05-05 14:19:54,087 [DEBUG] tracker.log: Updating tracker with 1 detections
2025-05-05 14:19:54,146 [DEBUG] tracker.log: Tracker returned 1 tracks
2025-05-05 14:19:54,146 [DEBUG] utils.log: Drawing 1 tracks on frame
2025-05-05 14:19:54,147 [DEBUG] utils.log: Drew box for track ID 1
2025-05-05 14:19:54,153 [DEBUG] camera.log: Frame captured successfully
2025-05-05 14:19:54,153 [DEBUG] detector.log: Running YOLO detection
2025-05-05 14:19:54,313 [DEBUG] detector.log: Detected 1 objects
2025-05-05 14:19:54,313 [DEBUG] tracker.log: Updating tracker with 1 detections
2025-05-05 14:19:54,782 [DEBUG] tracker.log: Tracker returned 1 tracks
2025-05-05 14:19:54,782 [DEBUG] utils.log: Drawing 1 tracks on frame
2025-05-05 14:19:54,783 [DEBUG] utils.log: Drew box for track ID 1
2025-05-05 14:19:54,788 [DEBUG] camera.log: Frame captured successfully
2025-05-05 14:19:54,789 [DEBUG] detector.log: Running YOLO detection
2025-05-05 14:19:54,926 [DEBUG] detector.log: Detected 1 objects
2025-05-05 14:19:54,927 [DEBUG] tracker.log: Updating tracker with 1 detections
2025-05-05 14:19:54,992 [DEBUG] tracker.log: Tracker returned 1 tracks
2025-05-05 14:19:54,992 [DEBUG] utils.log: Drawing 1 tracks on frame
2025-05-05 14:19:54,992 [DEBUG] utils.log: Drew box for track ID 1
2025-05-05 14:19:55,006 [DEBUG] camera.log: Frame captured successfully
2025-05-05 14:19:55,009 [DEBUG] detector.log: Running YOLO detection
2025-05-05 14:19:55,167 [DEBUG] detector.log: Detected 1 objects
2025-05-05 14:19:55,168 [DEBUG] tracker.log: Updating tracker with 1 detections
2025-05-05 14:19:55,252 [DEBUG] tracker.log: Tracker returned 1 tracks
2025-05-05 14:19:55,252 [DEBUG] utils.log: Drawing 1 tracks on frame
2025-05-05 14:19:55,253 [DEBUG] utils.log: Drew box for track ID 1
2025-05-05 14:19:55,261 [DEBUG] camera.log: Frame captured successfully
2025-05-05 14:19:55,261 [DEBUG] detector.log: Running YOLO detection
2025-05-05 14:19:55,395 [DEBUG] detector.log: Detected 1 objects
2025-05-05 14:19:55,395 [DEBUG] tracker.log: Updating tracker with 1 detections
2025-05-05 14:19:55,454 [DEBUG] tracker.log: Tracker returned 1 tracks
2025-05-05 14:19:55,455 [DEBUG] utils.log: Drawing 1 tracks on frame
2025-05-05 14:19:55,456 [DEBUG] utils.log: Drew box for track ID 1
2025-05-05 14:19:55,465 [DEBUG] camera.log: Frame captured successfully
2025-05-05 14:19:55,467 [DEBUG] detector.log: Running YOLO detection
2025-05-05 14:19:55,634 [DEBUG] detector.log: Detected 1 objects
2025-05-05 14:19:55,634 [DEBUG] tracker.log: Updating tracker with 1 detections
2025-05-05 14:19:55,689 [DEBUG] tracker.log: Tracker returned 1 tracks
2025-05-05 14:19:55,689 [DEBUG] utils.log: Drawing 1 tracks on frame
2025-05-05 14:19:55,690 [DEBUG] utils.log: Drew box for track ID 1
2025-05-05 14:19:55,696 [DEBUG] camera.log: Frame captured successfully
2025-05-05 14:19:55,696 [DEBUG] detector.log: Running YOLO detection
2025-05-05 14:19:55,867 [DEBUG] detector.log: Detected 1 objects
2025-05-05 14:19:55,868 [DEBUG] tracker.log: Updating tracker with 1 detections
2025-05-05 14:19:55,919 [DEBUG] tracker.log: Tracker returned 1 tracks
2025-05-05 14:19:55,919 [DEBUG] utils.log: Drawing 1 tracks on frame
2025-05-05 14:19:55,919 [DEBUG] utils.log: Drew box for track ID 1
2025-05-05 14:19:55,925 [DEBUG] camera.log: Frame captured successfully
2025-05-05 14:19:55,925 [DEBUG] detector.log: Running YOLO detection
2025-05-05 14:19:56,098 [DEBUG] detector.log: Detected 1 objects
2025-05-05 14:19:56,098 [DEBUG] tracker.log: Updating tracker with 1 detections
2025-05-05 14:19:56,157 [DEBUG] tracker.log: Tracker returned 1 tracks
2025-05-05 14:19:56,157 [DEBUG] utils.log: Drawing 1 tracks on frame
2025-05-05 14:19:56,157 [DEBUG] utils.log: Drew box for track ID 1
2025-05-05 14:19:56,162 [DEBUG] camera.log: Frame captured successfully
2025-05-05 14:19:56,163 [DEBUG] detector.log: Running YOLO detection
2025-05-05 14:19:56,318 [DEBUG] detector.log: Detected 1 objects
2025-05-05 14:19:56,318 [DEBUG] tracker.log: Updating tracker with 1 detections
2025-05-05 14:19:56,380 [DEBUG] tracker.log: Tracker returned 1 tracks
2025-05-05 14:19:56,381 [DEBUG] utils.log: Drawing 1 tracks on frame
2025-05-05 14:19:56,381 [DEBUG] utils.log: Drew box for track ID 1
2025-05-05 14:19:56,387 [DEBUG] camera.log: Frame captured successfully
2025-05-05 14:19:56,387 [DEBUG] detector.log: Running YOLO detection
2025-05-05 14:19:56,534 [DEBUG] detector.log: Detected 1 objects
2025-05-05 14:19:56,534 [DEBUG] tracker.log: Updating tracker with 1 detections
2025-05-05 14:19:56,587 [DEBUG] tracker.log: Tracker returned 1 tracks
2025-05-05 14:19:56,587 [DEBUG] utils.log: Drawing 1 tracks on frame
2025-05-05 14:19:56,588 [DEBUG] utils.log: Drew box for track ID 1
2025-05-05 14:19:56,593 [DEBUG] camera.log: Frame captured successfully
2025-05-05 14:19:56,593 [DEBUG] detector.log: Running YOLO detection
2025-05-05 14:19:56,735 [DEBUG] detector.log: Detected 1 objects
2025-05-05 14:19:56,736 [DEBUG] tracker.log: Updating tracker with 1 detections
2025-05-05 14:19:56,817 [DEBUG] tracker.log: Tracker returned 1 tracks
2025-05-05 14:19:56,817 [DEBUG] utils.log: Drawing 1 tracks on frame
2025-05-05 14:19:56,818 [DEBUG] utils.log: Drew box for track ID 1
2025-05-05 14:19:56,824 [DEBUG] camera.log: Frame captured successfully
2025-05-05 14:19:56,824 [DEBUG] detector.log: Running YOLO detection
2025-05-05 14:19:56,959 [DEBUG] detector.log: Detected 1 objects
2025-05-05 14:19:56,959 [DEBUG] tracker.log: Updating tracker with 1 detections
2025-05-05 14:19:57,042 [DEBUG] tracker.log: Tracker returned 1 tracks
2025-05-05 14:19:57,042 [DEBUG] utils.log: Drawing 1 tracks on frame
2025-05-05 14:19:57,043 [DEBUG] utils.log: Drew box for track ID 1
2025-05-05 14:19:57,048 [DEBUG] camera.log: Frame captured successfully
2025-05-05 14:19:57,049 [DEBUG] detector.log: Running YOLO detection
2025-05-05 14:19:57,182 [DEBUG] detector.log: Detected 1 objects
2025-05-05 14:19:57,182 [DEBUG] tracker.log: Updating tracker with 1 detections
2025-05-05 14:19:57,282 [DEBUG] tracker.log: Tracker returned 1 tracks
2025-05-05 14:19:57,282 [DEBUG] utils.log: Drawing 1 tracks on frame
2025-05-05 14:19:57,282 [DEBUG] utils.log: Drew box for track ID 1
2025-05-05 14:19:57,288 [DEBUG] camera.log: Frame captured successfully
2025-05-05 14:19:57,288 [DEBUG] detector.log: Running YOLO detection
2025-05-05 14:19:57,426 [DEBUG] detector.log: Detected 1 objects
2025-05-05 14:19:57,427 [DEBUG] tracker.log: Updating tracker with 1 detections
2025-05-05 14:19:57,494 [DEBUG] tracker.log: Tracker returned 1 tracks
2025-05-05 14:19:57,495 [DEBUG] utils.log: Drawing 1 tracks on frame
2025-05-05 14:19:57,495 [DEBUG] utils.log: Drew box for track ID 1
2025-05-05 14:19:57,502 [DEBUG] camera.log: Frame captured successfully
2025-05-05 14:19:57,502 [DEBUG] detector.log: Running YOLO detection
2025-05-05 14:19:57,649 [DEBUG] detector.log: Detected 1 objects
2025-05-05 14:19:57,650 [DEBUG] tracker.log: Updating tracker with 1 detections
2025-05-05 14:19:57,708 [DEBUG] tracker.log: Tracker returned 1 tracks
2025-05-05 14:19:57,708 [DEBUG] utils.log: Drawing 1 tracks on frame
2025-05-05 14:19:57,708 [DEBUG] utils.log: Drew box for track ID 1
2025-05-05 14:19:57,723 [DEBUG] camera.log: Frame captured successfully
2025-05-05 14:19:57,723 [DEBUG] detector.log: Running YOLO detection
2025-05-05 14:19:57,901 [DEBUG] detector.log: Detected 1 objects
2025-05-05 14:19:57,901 [DEBUG] tracker.log: Updating tracker with 1 detections
2025-05-05 14:19:57,958 [DEBUG] tracker.log: Tracker returned 1 tracks
2025-05-05 14:19:57,958 [DEBUG] utils.log: Drawing 1 tracks on frame
2025-05-05 14:19:57,958 [DEBUG] utils.log: Drew box for track ID 1
2025-05-05 14:19:57,968 [DEBUG] camera.log: Frame captured successfully
2025-05-05 14:19:57,969 [DEBUG] detector.log: Running YOLO detection
2025-05-05 14:19:58,115 [DEBUG] detector.log: Detected 1 objects
2025-05-05 14:19:58,115 [DEBUG] tracker.log: Updating tracker with 1 detections
2025-05-05 14:19:58,182 [DEBUG] tracker.log: Tracker returned 1 tracks
2025-05-05 14:19:58,182 [DEBUG] utils.log: Drawing 1 tracks on frame
2025-05-05 14:19:58,182 [DEBUG] utils.log: Drew box for track ID 1
2025-05-05 14:19:58,189 [DEBUG] camera.log: Frame captured successfully
2025-05-05 14:19:58,189 [DEBUG] detector.log: Running YOLO detection
2025-05-05 14:19:58,368 [DEBUG] detector.log: Detected 1 objects
2025-05-05 14:19:58,369 [DEBUG] tracker.log: Updating tracker with 1 detections
2025-05-05 14:19:58,426 [DEBUG] tracker.log: Tracker returned 1 tracks
2025-05-05 14:19:58,427 [DEBUG] utils.log: Drawing 1 tracks on frame
2025-05-05 14:19:58,427 [DEBUG] utils.log: Drew box for track ID 1
2025-05-05 14:19:58,433 [DEBUG] camera.log: Frame captured successfully
2025-05-05 14:19:58,433 [DEBUG] detector.log: Running YOLO detection
2025-05-05 14:19:58,581 [DEBUG] detector.log: Detected 1 objects
2025-05-05 14:19:58,581 [DEBUG] tracker.log: Updating tracker with 1 detections
2025-05-05 14:19:58,635 [DEBUG] tracker.log: Tracker returned 1 tracks
2025-05-05 14:19:58,635 [DEBUG] utils.log: Drawing 1 tracks on frame
2025-05-05 14:19:58,635 [DEBUG] utils.log: Drew box for track ID 1
2025-05-05 14:19:58,641 [DEBUG] camera.log: Frame captured successfully
2025-05-05 14:19:58,641 [DEBUG] detector.log: Running YOLO detection
2025-05-05 14:19:58,824 [DEBUG] detector.log: Detected 1 objects
2025-05-05 14:19:58,825 [DEBUG] tracker.log: Updating tracker with 1 detections
2025-05-05 14:19:58,876 [DEBUG] tracker.log: Tracker returned 1 tracks
2025-05-05 14:19:58,877 [DEBUG] utils.log: Drawing 1 tracks on frame
2025-05-05 14:19:58,877 [DEBUG] utils.log: Drew box for track ID 1
2025-05-05 14:19:58,884 [DEBUG] camera.log: Frame captured successfully
2025-05-05 14:19:58,884 [DEBUG] detector.log: Running YOLO detection
2025-05-05 14:19:59,038 [DEBUG] detector.log: Detected 1 objects
2025-05-05 14:19:59,038 [DEBUG] tracker.log: Updating tracker with 1 detections
2025-05-05 14:19:59,094 [DEBUG] tracker.log: Tracker returned 1 tracks
2025-05-05 14:19:59,094 [DEBUG] utils.log: Drawing 1 tracks on frame
2025-05-05 14:19:59,094 [DEBUG] utils.log: Drew box for track ID 1
2025-05-05 14:19:59,100 [DEBUG] camera.log: Frame captured successfully
2025-05-05 14:19:59,101 [DEBUG] detector.log: Running YOLO detection
2025-05-05 14:19:59,324 [DEBUG] detector.log: Detected 1 objects
2025-05-05 14:19:59,325 [DEBUG] tracker.log: Updating tracker with 1 detections
2025-05-05 14:19:59,403 [DEBUG] tracker.log: Tracker returned 1 tracks
2025-05-05 14:19:59,403 [DEBUG] utils.log: Drawing 1 tracks on frame
2025-05-05 14:19:59,404 [DEBUG] utils.log: Drew box for track ID 1
2025-05-05 14:19:59,411 [DEBUG] camera.log: Frame captured successfully
2025-05-05 14:19:59,411 [DEBUG] detector.log: Running YOLO detection
2025-05-05 14:19:59,606 [DEBUG] detector.log: Detected 1 objects
2025-05-05 14:19:59,606 [DEBUG] tracker.log: Updating tracker with 1 detections
2025-05-05 14:19:59,666 [DEBUG] tracker.log: Tracker returned 1 tracks
2025-05-05 14:19:59,667 [DEBUG] utils.log: Drawing 1 tracks on frame
2025-05-05 14:19:59,667 [DEBUG] utils.log: Drew box for track ID 1
2025-05-05 14:19:59,672 [DEBUG] camera.log: Frame captured successfully
2025-05-05 14:19:59,673 [DEBUG] detector.log: Running YOLO detection
2025-05-05 14:19:59,868 [DEBUG] detector.log: Detected 1 objects
2025-05-05 14:19:59,869 [DEBUG] tracker.log: Updating tracker with 1 detections
2025-05-05 14:19:59,926 [DEBUG] tracker.log: Tracker returned 1 tracks
2025-05-05 14:19:59,926 [DEBUG] utils.log: Drawing 1 tracks on frame
2025-05-05 14:19:59,926 [DEBUG] utils.log: Drew box for track ID 1
2025-05-05 14:19:59,933 [DEBUG] camera.log: Frame captured successfully
2025-05-05 14:19:59,933 [DEBUG] detector.log: Running YOLO detection
2025-05-05 14:20:00,112 [DEBUG] detector.log: Detected 1 objects
2025-05-05 14:20:00,113 [DEBUG] tracker.log: Updating tracker with 1 detections
2025-05-05 14:20:00,170 [DEBUG] tracker.log: Tracker returned 1 tracks
2025-05-05 14:20:00,170 [DEBUG] utils.log: Drawing 1 tracks on frame
2025-05-05 14:20:00,170 [DEBUG] utils.log: Drew box for track ID 1
2025-05-05 14:20:00,176 [DEBUG] camera.log: Frame captured successfully
2025-05-05 14:20:00,177 [DEBUG] detector.log: Running YOLO detection
2025-05-05 14:20:00,368 [DEBUG] detector.log: Detected 1 objects
2025-05-05 14:20:00,368 [DEBUG] tracker.log: Updating tracker with 1 detections
2025-05-05 14:20:00,423 [DEBUG] tracker.log: Tracker returned 1 tracks
2025-05-05 14:20:00,423 [DEBUG] utils.log: Drawing 1 tracks on frame
2025-05-05 14:20:00,424 [DEBUG] utils.log: Drew box for track ID 1
2025-05-05 14:20:00,429 [DEBUG] camera.log: Frame captured successfully
2025-05-05 14:20:00,430 [DEBUG] detector.log: Running YOLO detection
2025-05-05 14:20:00,588 [DEBUG] detector.log: Detected 1 objects
2025-05-05 14:20:00,588 [DEBUG] tracker.log: Updating tracker with 1 detections
2025-05-05 14:20:00,645 [DEBUG] tracker.log: Tracker returned 1 tracks
2025-05-05 14:20:00,645 [DEBUG] utils.log: Drawing 1 tracks on frame
2025-05-05 14:20:00,645 [DEBUG] utils.log: Drew box for track ID 1
2025-05-05 14:20:00,651 [DEBUG] camera.log: Frame captured successfully
2025-05-05 14:20:00,651 [DEBUG] detector.log: Running YOLO detection
2025-05-05 14:20:00,833 [DEBUG] detector.log: Detected 1 objects
2025-05-05 14:20:00,834 [DEBUG] tracker.log: Updating tracker with 1 detections
2025-05-05 14:20:00,889 [DEBUG] tracker.log: Tracker returned 1 tracks
2025-05-05 14:20:00,889 [DEBUG] utils.log: Drawing 1 tracks on frame
2025-05-05 14:20:00,889 [DEBUG] utils.log: Drew box for track ID 1
2025-05-05 14:20:00,895 [DEBUG] camera.log: Frame captured successfully
2025-05-05 14:20:00,896 [DEBUG] detector.log: Running YOLO detection
2025-05-05 14:20:01,050 [DEBUG] detector.log: Detected 1 objects
2025-05-05 14:20:01,050 [DEBUG] tracker.log: Updating tracker with 1 detections
2025-05-05 14:20:01,105 [DEBUG] tracker.log: Tracker returned 1 tracks
2025-05-05 14:20:01,105 [DEBUG] utils.log: Drawing 1 tracks on frame
2025-05-05 14:20:01,105 [DEBUG] utils.log: Drew box for track ID 1
2025-05-05 14:20:01,110 [DEBUG] camera.log: Frame captured successfully
2025-05-05 14:20:01,110 [DEBUG] detector.log: Running YOLO detection
2025-05-05 14:20:01,287 [DEBUG] detector.log: Detected 1 objects
2025-05-05 14:20:01,287 [DEBUG] tracker.log: Updating tracker with 1 detections
2025-05-05 14:20:01,342 [DEBUG] tracker.log: Tracker returned 1 tracks
2025-05-05 14:20:01,342 [DEBUG] utils.log: Drawing 1 tracks on frame
2025-05-05 14:20:01,343 [DEBUG] utils.log: Drew box for track ID 1
2025-05-05 14:20:01,348 [DEBUG] camera.log: Frame captured successfully
2025-05-05 14:20:01,349 [DEBUG] detector.log: Running YOLO detection
2025-05-05 14:20:01,517 [DEBUG] detector.log: Detected 1 objects
2025-05-05 14:20:01,517 [DEBUG] tracker.log: Updating tracker with 1 detections
2025-05-05 14:20:01,573 [DEBUG] tracker.log: Tracker returned 1 tracks
2025-05-05 14:20:01,573 [DEBUG] utils.log: Drawing 1 tracks on frame
2025-05-05 14:20:01,574 [DEBUG] utils.log: Drew box for track ID 1
2025-05-05 14:20:01,579 [DEBUG] camera.log: Frame captured successfully
2025-05-05 14:20:01,580 [DEBUG] detector.log: Running YOLO detection
2025-05-05 14:20:01,712 [DEBUG] detector.log: Detected 1 objects
2025-05-05 14:20:01,712 [DEBUG] tracker.log: Updating tracker with 1 detections
2025-05-05 14:20:01,819 [DEBUG] tracker.log: Tracker returned 1 tracks
2025-05-05 14:20:01,819 [DEBUG] utils.log: Drawing 1 tracks on frame
2025-05-05 14:20:01,819 [DEBUG] utils.log: Drew box for track ID 1
2025-05-05 14:20:01,825 [DEBUG] camera.log: Frame captured successfully
2025-05-05 14:20:01,825 [DEBUG] detector.log: Running YOLO detection
2025-05-05 14:20:01,959 [DEBUG] detector.log: Detected 1 objects
2025-05-05 14:20:01,959 [DEBUG] tracker.log: Updating tracker with 1 detections
2025-05-05 14:20:02,047 [DEBUG] tracker.log: Tracker returned 1 tracks
2025-05-05 14:20:02,047 [DEBUG] utils.log: Drawing 1 tracks on frame
2025-05-05 14:20:02,047 [DEBUG] utils.log: Drew box for track ID 1
2025-05-05 14:20:02,053 [DEBUG] camera.log: Frame captured successfully
2025-05-05 14:20:02,053 [DEBUG] detector.log: Running YOLO detection
2025-05-05 14:20:02,212 [DEBUG] detector.log: Detected 1 objects
2025-05-05 14:20:02,212 [DEBUG] tracker.log: Updating tracker with 1 detections
2025-05-05 14:20:02,316 [DEBUG] tracker.log: Tracker returned 1 tracks
2025-05-05 14:20:02,316 [DEBUG] utils.log: Drawing 1 tracks on frame
2025-05-05 14:20:02,317 [DEBUG] utils.log: Drew box for track ID 1
2025-05-05 14:20:02,322 [DEBUG] camera.log: Frame captured successfully
2025-05-05 14:20:02,323 [DEBUG] detector.log: Running YOLO detection
2025-05-05 14:20:02,464 [DEBUG] detector.log: Detected 1 objects
2025-05-05 14:20:02,464 [DEBUG] tracker.log: Updating tracker with 1 detections
2025-05-05 14:20:02,553 [DEBUG] tracker.log: Tracker returned 1 tracks
2025-05-05 14:20:02,553 [DEBUG] utils.log: Drawing 1 tracks on frame
2025-05-05 14:20:02,553 [DEBUG] utils.log: Drew box for track ID 1
2025-05-05 14:20:02,560 [DEBUG] camera.log: Frame captured successfully
2025-05-05 14:20:02,560 [DEBUG] detector.log: Running YOLO detection
2025-05-05 14:20:02,693 [DEBUG] detector.log: Detected 1 objects
2025-05-05 14:20:02,694 [DEBUG] tracker.log: Updating tracker with 1 detections
2025-05-05 14:20:02,795 [DEBUG] tracker.log: Tracker returned 1 tracks
2025-05-05 14:20:02,796 [DEBUG] utils.log: Drawing 1 tracks on frame
2025-05-05 14:20:02,796 [DEBUG] utils.log: Drew box for track ID 1
2025-05-05 14:20:02,802 [DEBUG] camera.log: Frame captured successfully
2025-05-05 14:20:02,802 [DEBUG] detector.log: Running YOLO detection
2025-05-05 14:20:02,944 [DEBUG] detector.log: Detected 1 objects
2025-05-05 14:20:02,944 [DEBUG] tracker.log: Updating tracker with 1 detections
2025-05-05 14:20:03,102 [DEBUG] tracker.log: Tracker returned 1 tracks
2025-05-05 14:20:03,102 [DEBUG] utils.log: Drawing 1 tracks on frame
2025-05-05 14:20:03,102 [DEBUG] utils.log: Drew box for track ID 1
2025-05-05 14:20:03,108 [DEBUG] camera.log: Frame captured successfully
2025-05-05 14:20:03,109 [DEBUG] detector.log: Running YOLO detection
2025-05-05 14:20:03,302 [DEBUG] detector.log: Detected 1 objects
2025-05-05 14:20:03,302 [DEBUG] tracker.log: Updating tracker with 1 detections
2025-05-05 14:20:03,364 [DEBUG] tracker.log: Tracker returned 1 tracks
2025-05-05 14:20:03,364 [DEBUG] utils.log: Drawing 1 tracks on frame
2025-05-05 14:20:03,364 [DEBUG] utils.log: Drew box for track ID 1
2025-05-05 14:20:03,371 [DEBUG] camera.log: Frame captured successfully
2025-05-05 14:20:03,371 [DEBUG] detector.log: Running YOLO detection
2025-05-05 14:20:03,589 [DEBUG] detector.log: Detected 1 objects
2025-05-05 14:20:03,590 [DEBUG] tracker.log: Updating tracker with 1 detections
2025-05-05 14:20:03,671 [DEBUG] tracker.log: Tracker returned 1 tracks
2025-05-05 14:20:03,671 [DEBUG] utils.log: Drawing 1 tracks on frame
2025-05-05 14:20:03,672 [DEBUG] utils.log: Drew box for track ID 1
2025-05-05 14:20:03,687 [DEBUG] camera.log: Frame captured successfully
2025-05-05 14:20:03,688 [DEBUG] detector.log: Running YOLO detection
2025-05-05 14:20:04,028 [DEBUG] detector.log: Detected 1 objects
2025-05-05 14:20:04,028 [DEBUG] tracker.log: Updating tracker with 1 detections
2025-05-05 14:20:04,113 [DEBUG] tracker.log: Tracker returned 1 tracks
2025-05-05 14:20:04,113 [DEBUG] utils.log: Drawing 1 tracks on frame
2025-05-05 14:20:04,114 [DEBUG] utils.log: Drew box for track ID 1
2025-05-05 14:20:04,127 [DEBUG] camera.log: Frame captured successfully
2025-05-05 14:20:04,127 [DEBUG] detector.log: Running YOLO detection
2025-05-05 14:20:04,389 [DEBUG] detector.log: Detected 1 objects
2025-05-05 14:20:04,390 [DEBUG] tracker.log: Updating tracker with 1 detections
2025-05-05 14:20:04,476 [DEBUG] tracker.log: Tracker returned 1 tracks
2025-05-05 14:20:04,477 [DEBUG] utils.log: Drawing 1 tracks on frame
2025-05-05 14:20:04,477 [DEBUG] utils.log: Drew box for track ID 1
2025-05-05 14:20:04,497 [DEBUG] camera.log: Frame captured successfully
2025-05-05 14:20:04,498 [DEBUG] detector.log: Running YOLO detection
2025-05-05 14:20:04,698 [DEBUG] detector.log: Detected 1 objects
2025-05-05 14:20:04,699 [DEBUG] tracker.log: Updating tracker with 1 detections
2025-05-05 14:20:04,797 [DEBUG] tracker.log: Tracker returned 1 tracks
2025-05-05 14:20:04,797 [DEBUG] utils.log: Drawing 1 tracks on frame
2025-05-05 14:20:04,797 [DEBUG] utils.log: Drew box for track ID 1
2025-05-05 14:20:04,806 [DEBUG] camera.log: Frame captured successfully
2025-05-05 14:20:04,806 [DEBUG] detector.log: Running YOLO detection
2025-05-05 14:20:04,950 [DEBUG] detector.log: Detected 1 objects
2025-05-05 14:20:04,950 [DEBUG] tracker.log: Updating tracker with 1 detections
2025-05-05 14:20:05,027 [DEBUG] tracker.log: Tracker returned 1 tracks
2025-05-05 14:20:05,028 [DEBUG] utils.log: Drawing 1 tracks on frame
2025-05-05 14:20:05,028 [DEBUG] utils.log: Drew box for track ID 1
2025-05-05 14:20:05,032 [DEBUG] camera.log: Frame captured successfully
2025-05-05 14:20:05,032 [DEBUG] detector.log: Running YOLO detection
2025-05-05 14:20:05,326 [DEBUG] detector.log: Detected 1 objects
2025-05-05 14:20:05,326 [DEBUG] tracker.log: Updating tracker with 1 detections
2025-05-05 14:20:05,440 [DEBUG] tracker.log: Tracker returned 1 tracks
2025-05-05 14:20:05,441 [DEBUG] utils.log: Drawing 1 tracks on frame
2025-05-05 14:20:05,442 [DEBUG] utils.log: Drew box for track ID 1
2025-05-05 14:20:05,449 [DEBUG] camera.log: Frame captured successfully
2025-05-05 14:20:05,449 [DEBUG] detector.log: Running YOLO detection
2025-05-05 14:20:05,654 [DEBUG] detector.log: Detected 1 objects
2025-05-05 14:20:05,654 [DEBUG] tracker.log: Updating tracker with 1 detections
2025-05-05 14:20:05,790 [DEBUG] tracker.log: Tracker returned 1 tracks
2025-05-05 14:20:05,792 [DEBUG] utils.log: Drawing 1 tracks on frame
2025-05-05 14:20:05,793 [DEBUG] utils.log: Drew box for track ID 1
2025-05-05 14:20:05,799 [DEBUG] camera.log: Frame captured successfully
2025-05-05 14:20:05,799 [DEBUG] detector.log: Running YOLO detection
2025-05-05 14:20:06,011 [DEBUG] detector.log: Detected 1 objects
2025-05-05 14:20:06,011 [DEBUG] tracker.log: Updating tracker with 1 detections
2025-05-05 14:20:06,074 [DEBUG] tracker.log: Tracker returned 1 tracks
2025-05-05 14:20:06,074 [DEBUG] utils.log: Drawing 1 tracks on frame
2025-05-05 14:20:06,075 [DEBUG] utils.log: Drew box for track ID 1
2025-05-05 14:20:06,079 [DEBUG] camera.log: Frame captured successfully
2025-05-05 14:20:06,079 [DEBUG] detector.log: Running YOLO detection
2025-05-05 14:20:06,217 [DEBUG] detector.log: Detected 1 objects
2025-05-05 14:20:06,217 [DEBUG] tracker.log: Updating tracker with 1 detections
2025-05-05 14:20:06,338 [DEBUG] tracker.log: Tracker returned 1 tracks
2025-05-05 14:20:06,338 [DEBUG] utils.log: Drawing 1 tracks on frame
2025-05-05 14:20:06,339 [DEBUG] utils.log: Drew box for track ID 1
2025-05-05 14:20:06,345 [DEBUG] camera.log: Frame captured successfully
2025-05-05 14:20:06,345 [DEBUG] detector.log: Running YOLO detection
2025-05-05 14:20:06,627 [DEBUG] detector.log: Detected 1 objects
2025-05-05 14:20:06,627 [DEBUG] tracker.log: Updating tracker with 1 detections
2025-05-05 14:20:06,709 [DEBUG] tracker.log: Tracker returned 1 tracks
2025-05-05 14:20:06,709 [DEBUG] utils.log: Drawing 1 tracks on frame
2025-05-05 14:20:06,709 [DEBUG] utils.log: Drew box for track ID 1
2025-05-05 14:20:06,716 [DEBUG] camera.log: Frame captured successfully
2025-05-05 14:20:06,717 [DEBUG] detector.log: Running YOLO detection
2025-05-05 14:20:06,967 [DEBUG] detector.log: Detected 1 objects
2025-05-05 14:20:06,967 [DEBUG] tracker.log: Updating tracker with 1 detections
2025-05-05 14:20:07,075 [DEBUG] tracker.log: Tracker returned 1 tracks
2025-05-05 14:20:07,076 [DEBUG] utils.log: Drawing 1 tracks on frame
2025-05-05 14:20:07,076 [DEBUG] utils.log: Drew box for track ID 1
2025-05-05 14:20:07,081 [DEBUG] camera.log: Frame captured successfully
2025-05-05 14:20:07,081 [DEBUG] detector.log: Running YOLO detection
2025-05-05 14:20:07,304 [DEBUG] detector.log: Detected 1 objects
2025-05-05 14:20:07,304 [DEBUG] tracker.log: Updating tracker with 1 detections
2025-05-05 14:20:07,352 [DEBUG] tracker.log: Tracker returned 1 tracks
2025-05-05 14:20:07,352 [DEBUG] utils.log: Drawing 1 tracks on frame
2025-05-05 14:20:07,352 [DEBUG] utils.log: Drew box for track ID 1
2025-05-05 14:20:07,358 [DEBUG] camera.log: Frame captured successfully
2025-05-05 14:20:07,358 [DEBUG] detector.log: Running YOLO detection
2025-05-05 14:20:07,504 [DEBUG] detector.log: Detected 1 objects
2025-05-05 14:20:07,504 [DEBUG] tracker.log: Updating tracker with 1 detections
2025-05-05 14:20:07,555 [DEBUG] tracker.log: Tracker returned 1 tracks
2025-05-05 14:20:07,555 [DEBUG] utils.log: Drawing 1 tracks on frame
2025-05-05 14:20:07,556 [DEBUG] utils.log: Drew box for track ID 1
2025-05-05 14:20:07,561 [DEBUG] camera.log: Frame captured successfully
2025-05-05 14:20:07,561 [DEBUG] detector.log: Running YOLO detection
2025-05-05 14:20:07,691 [DEBUG] detector.log: Detected 1 objects
2025-05-05 14:20:07,691 [DEBUG] tracker.log: Updating tracker with 1 detections
2025-05-05 14:20:07,742 [DEBUG] tracker.log: Tracker returned 1 tracks
2025-05-05 14:20:07,742 [DEBUG] utils.log: Drawing 1 tracks on frame
2025-05-05 14:20:07,743 [DEBUG] utils.log: Drew box for track ID 1
2025-05-05 14:20:07,750 [DEBUG] camera.log: Frame captured successfully
2025-05-05 14:20:07,750 [DEBUG] detector.log: Running YOLO detection
2025-05-05 14:20:07,902 [DEBUG] detector.log: Detected 1 objects
2025-05-05 14:20:07,902 [DEBUG] tracker.log: Updating tracker with 1 detections
2025-05-05 14:20:07,963 [DEBUG] tracker.log: Tracker returned 1 tracks
2025-05-05 14:20:07,963 [DEBUG] utils.log: Drawing 1 tracks on frame
2025-05-05 14:20:07,963 [DEBUG] utils.log: Drew box for track ID 1
2025-05-05 14:20:07,969 [DEBUG] camera.log: Frame captured successfully
2025-05-05 14:20:07,970 [DEBUG] detector.log: Running YOLO detection
2025-05-05 14:20:08,132 [DEBUG] detector.log: Detected 1 objects
2025-05-05 14:20:08,132 [DEBUG] tracker.log: Updating tracker with 1 detections
2025-05-05 14:20:08,205 [DEBUG] tracker.log: Tracker returned 1 tracks
2025-05-05 14:20:08,205 [DEBUG] utils.log: Drawing 1 tracks on frame
2025-05-05 14:20:08,206 [DEBUG] utils.log: Drew box for track ID 1
2025-05-05 14:20:08,213 [DEBUG] camera.log: Frame captured successfully
2025-05-05 14:20:08,213 [DEBUG] detector.log: Running YOLO detection
2025-05-05 14:20:08,386 [DEBUG] detector.log: Detected 1 objects
2025-05-05 14:20:08,386 [DEBUG] tracker.log: Updating tracker with 1 detections
2025-05-05 14:20:08,443 [DEBUG] tracker.log: Tracker returned 1 tracks
2025-05-05 14:20:08,443 [DEBUG] utils.log: Drawing 1 tracks on frame
2025-05-05 14:20:08,443 [DEBUG] utils.log: Drew box for track ID 1
2025-05-05 14:20:08,449 [DEBUG] camera.log: Frame captured successfully
2025-05-05 14:20:08,450 [DEBUG] detector.log: Running YOLO detection
2025-05-05 14:20:08,599 [DEBUG] detector.log: Detected 1 objects
2025-05-05 14:20:08,599 [DEBUG] tracker.log: Updating tracker with 1 detections
2025-05-05 14:20:08,665 [DEBUG] tracker.log: Tracker returned 1 tracks
2025-05-05 14:20:08,666 [DEBUG] utils.log: Drawing 1 tracks on frame
2025-05-05 14:20:08,666 [DEBUG] utils.log: Drew box for track ID 1
2025-05-05 14:20:08,672 [DEBUG] camera.log: Frame captured successfully
2025-05-05 14:20:08,672 [DEBUG] detector.log: Running YOLO detection
2025-05-05 14:20:08,906 [DEBUG] detector.log: Detected 1 objects
2025-05-05 14:20:08,906 [DEBUG] tracker.log: Updating tracker with 1 detections
2025-05-05 14:20:08,971 [DEBUG] tracker.log: Tracker returned 1 tracks
2025-05-05 14:20:08,971 [DEBUG] utils.log: Drawing 1 tracks on frame
2025-05-05 14:20:08,971 [DEBUG] utils.log: Drew box for track ID 1
2025-05-05 14:20:08,979 [DEBUG] camera.log: Frame captured successfully
2025-05-05 14:20:08,979 [DEBUG] detector.log: Running YOLO detection
2025-05-05 14:20:09,149 [DEBUG] detector.log: Detected 1 objects
2025-05-05 14:20:09,149 [DEBUG] tracker.log: Updating tracker with 1 detections
2025-05-05 14:20:09,206 [DEBUG] tracker.log: Tracker returned 1 tracks
2025-05-05 14:20:09,206 [DEBUG] utils.log: Drawing 1 tracks on frame
2025-05-05 14:20:09,206 [DEBUG] utils.log: Drew box for track ID 1
2025-05-05 14:20:09,210 [DEBUG] camera.log: Frame captured successfully
2025-05-05 14:20:09,211 [DEBUG] detector.log: Running YOLO detection
2025-05-05 14:20:09,372 [DEBUG] detector.log: Detected 1 objects
2025-05-05 14:20:09,372 [DEBUG] tracker.log: Updating tracker with 1 detections
2025-05-05 14:20:09,428 [DEBUG] tracker.log: Tracker returned 1 tracks
2025-05-05 14:20:09,429 [DEBUG] utils.log: Drawing 1 tracks on frame
2025-05-05 14:20:09,429 [DEBUG] utils.log: Drew box for track ID 1
2025-05-05 14:20:09,435 [DEBUG] camera.log: Frame captured successfully
2025-05-05 14:20:09,435 [DEBUG] detector.log: Running YOLO detection
2025-05-05 14:20:09,588 [DEBUG] detector.log: Detected 1 objects
2025-05-05 14:20:09,588 [DEBUG] tracker.log: Updating tracker with 1 detections
2025-05-05 14:20:09,645 [DEBUG] tracker.log: Tracker returned 1 tracks
2025-05-05 14:20:09,645 [DEBUG] utils.log: Drawing 1 tracks on frame
2025-05-05 14:20:09,645 [DEBUG] utils.log: Drew box for track ID 1
2025-05-05 14:20:09,651 [DEBUG] camera.log: Frame captured successfully
2025-05-05 14:20:09,651 [DEBUG] detector.log: Running YOLO detection
2025-05-05 14:20:09,796 [DEBUG] detector.log: Detected 1 objects
2025-05-05 14:20:09,797 [DEBUG] tracker.log: Updating tracker with 1 detections
2025-05-05 14:20:09,863 [DEBUG] tracker.log: Tracker returned 1 tracks
2025-05-05 14:20:09,863 [DEBUG] utils.log: Drawing 1 tracks on frame
2025-05-05 14:20:09,864 [DEBUG] utils.log: Drew box for track ID 1
2025-05-05 14:20:09,870 [DEBUG] camera.log: Frame captured successfully
2025-05-05 14:20:09,871 [DEBUG] detector.log: Running YOLO detection
2025-05-05 14:20:10,082 [DEBUG] detector.log: Detected 1 objects
2025-05-05 14:20:10,082 [DEBUG] tracker.log: Updating tracker with 1 detections
2025-05-05 14:20:10,149 [INFO] main: Application interrupted by user
2025-05-05 14:20:10,152 [INFO] camera.log: Camera released
2025-05-05 14:20:10,154 [INFO] main: Application shutdown complete
